CRITICAL - 2024-02-18 09:40:01 --> ErrorException: Undefined property: stdClass::$menu_item
in APPPATH\Controllers\OrderController.php on line 42.
 1 APPPATH\Controllers\OrderController.php(42): CodeIgniter\Debug\Exceptions->errorHandler(2, 'Undefined property: stdClass::$menu_item', 'C:\\laragon\\www\\Capstone\\Backend\\app\\Controllers\\OrderController.php', 42)
 2 SYSTEMPATH\CodeIgniter.php(941): App\Controllers\OrderController->addData()
 3 SYSTEMPATH\CodeIgniter.php(502): CodeIgniter\CodeIgniter->runController(Object(App\Controllers\OrderController))
 4 SYSTEMPATH\CodeIgniter.php(361): CodeIgniter\CodeIgniter->handleRequest(null, Object(Config\Cache), false)
 5 FCPATH\index.php(88): CodeIgniter\CodeIgniter->run()
CRITICAL - 2024-02-18 11:08:44 --> CodeIgniter\Database\Exceptions\DataException: There is no data to insert.
in SYSTEMPATH\BaseModel.php on line 788.
 1 SYSTEMPATH\BaseModel.php(788): CodeIgniter\Database\Exceptions\DataException::forEmptyDataset('insert')
 2 SYSTEMPATH\Model.php(744): CodeIgniter\BaseModel->insert([], false)
 3 SYSTEMPATH\BaseModel.php(713): CodeIgniter\Model->insert([...], false)
 4 APPPATH\Controllers\OrderController.php(33): CodeIgniter\BaseModel->save([...])
 5 SYSTEMPATH\CodeIgniter.php(941): App\Controllers\OrderController->addData()
 6 SYSTEMPATH\CodeIgniter.php(502): CodeIgniter\CodeIgniter->runController(Object(App\Controllers\OrderController))
 7 SYSTEMPATH\CodeIgniter.php(361): CodeIgniter\CodeIgniter->handleRequest(null, Object(Config\Cache), false)
 8 FCPATH\index.php(88): CodeIgniter\CodeIgniter->run()
CRITICAL - 2024-02-18 11:08:50 --> CodeIgniter\Database\Exceptions\DataException: There is no data to insert.
in SYSTEMPATH\BaseModel.php on line 788.
 1 SYSTEMPATH\BaseModel.php(788): CodeIgniter\Database\Exceptions\DataException::forEmptyDataset('insert')
 2 SYSTEMPATH\Model.php(744): CodeIgniter\BaseModel->insert([], false)
 3 SYSTEMPATH\BaseModel.php(713): CodeIgniter\Model->insert([...], false)
 4 APPPATH\Controllers\OrderController.php(33): CodeIgniter\BaseModel->save([...])
 5 SYSTEMPATH\CodeIgniter.php(941): App\Controllers\OrderController->addData()
 6 SYSTEMPATH\CodeIgniter.php(502): CodeIgniter\CodeIgniter->runController(Object(App\Controllers\OrderController))
 7 SYSTEMPATH\CodeIgniter.php(361): CodeIgniter\CodeIgniter->handleRequest(null, Object(Config\Cache), false)
 8 FCPATH\index.php(88): CodeIgniter\CodeIgniter->run()
CRITICAL - 2024-02-18 11:08:51 --> CodeIgniter\Database\Exceptions\DataException: There is no data to insert.
in SYSTEMPATH\BaseModel.php on line 788.
 1 SYSTEMPATH\BaseModel.php(788): CodeIgniter\Database\Exceptions\DataException::forEmptyDataset('insert')
 2 SYSTEMPATH\Model.php(744): CodeIgniter\BaseModel->insert([], false)
 3 SYSTEMPATH\BaseModel.php(713): CodeIgniter\Model->insert([...], false)
 4 APPPATH\Controllers\OrderController.php(33): CodeIgniter\BaseModel->save([...])
 5 SYSTEMPATH\CodeIgniter.php(941): App\Controllers\OrderController->addData()
 6 SYSTEMPATH\CodeIgniter.php(502): CodeIgniter\CodeIgniter->runController(Object(App\Controllers\OrderController))
 7 SYSTEMPATH\CodeIgniter.php(361): CodeIgniter\CodeIgniter->handleRequest(null, Object(Config\Cache), false)
 8 FCPATH\index.php(88): CodeIgniter\CodeIgniter->run()
CRITICAL - 2024-02-18 11:09:46 --> CodeIgniter\Database\Exceptions\DataException: There is no data to insert.
in SYSTEMPATH\BaseModel.php on line 788.
 1 SYSTEMPATH\BaseModel.php(788): CodeIgniter\Database\Exceptions\DataException::forEmptyDataset('insert')
 2 SYSTEMPATH\Model.php(744): CodeIgniter\BaseModel->insert([], true)
 3 APPPATH\Controllers\OrderController.php(33): CodeIgniter\Model->insert([...])
 4 SYSTEMPATH\CodeIgniter.php(941): App\Controllers\OrderController->addData()
 5 SYSTEMPATH\CodeIgniter.php(502): CodeIgniter\CodeIgniter->runController(Object(App\Controllers\OrderController))
 6 SYSTEMPATH\CodeIgniter.php(361): CodeIgniter\CodeIgniter->handleRequest(null, Object(Config\Cache), false)
 7 FCPATH\index.php(88): CodeIgniter\CodeIgniter->run()
CRITICAL - 2024-02-18 11:56:12 --> ErrorException: Undefined property: stdClass::$menu_item
in APPPATH\Controllers\OrderController.php on line 44.
 1 APPPATH\Controllers\OrderController.php(44): CodeIgniter\Debug\Exceptions->errorHandler(2, 'Undefined property: stdClass::$menu_item', 'C:\\laragon\\www\\Capstone\\Backend\\app\\Controllers\\OrderController.php', 44)
 2 SYSTEMPATH\CodeIgniter.php(941): App\Controllers\OrderController->addItemToOrder()
 3 SYSTEMPATH\CodeIgniter.php(502): CodeIgniter\CodeIgniter->runController(Object(App\Controllers\OrderController))
 4 SYSTEMPATH\CodeIgniter.php(361): CodeIgniter\CodeIgniter->handleRequest(null, Object(Config\Cache), false)
 5 FCPATH\index.php(88): CodeIgniter\CodeIgniter->run()
CRITICAL - 2024-02-18 12:11:59 --> ErrorException: Undefined property: stdClass::$subtotal
in APPPATH\Controllers\OrderController.php on line 68.
 1 APPPATH\Controllers\OrderController.php(68): CodeIgniter\Debug\Exceptions->errorHandler(2, 'Undefined property: stdClass::$subtotal', 'C:\\laragon\\www\\Capstone\\Backend\\app\\Controllers\\OrderController.php', 68)
 2 SYSTEMPATH\CodeIgniter.php(941): App\Controllers\OrderController->updateOrderItem('115')
 3 SYSTEMPATH\CodeIgniter.php(502): CodeIgniter\CodeIgniter->runController(Object(App\Controllers\OrderController))
 4 SYSTEMPATH\CodeIgniter.php(361): CodeIgniter\CodeIgniter->handleRequest(null, Object(Config\Cache), false)
 5 FCPATH\index.php(88): CodeIgniter\CodeIgniter->run()
CRITICAL - 2024-02-18 12:12:00 --> ErrorException: Undefined property: stdClass::$subtotal
in APPPATH\Controllers\OrderController.php on line 68.
 1 APPPATH\Controllers\OrderController.php(68): CodeIgniter\Debug\Exceptions->errorHandler(2, 'Undefined property: stdClass::$subtotal', 'C:\\laragon\\www\\Capstone\\Backend\\app\\Controllers\\OrderController.php', 68)
 2 SYSTEMPATH\CodeIgniter.php(941): App\Controllers\OrderController->updateOrderItem('115')
 3 SYSTEMPATH\CodeIgniter.php(502): CodeIgniter\CodeIgniter->runController(Object(App\Controllers\OrderController))
 4 SYSTEMPATH\CodeIgniter.php(361): CodeIgniter\CodeIgniter->handleRequest(null, Object(Config\Cache), false)
 5 FCPATH\index.php(88): CodeIgniter\CodeIgniter->run()
CRITICAL - 2024-02-18 12:58:37 --> ErrorException: Undefined property: stdClass::$subtotal
in APPPATH\Controllers\OrderController.php on line 97.
 1 APPPATH\Controllers\OrderController.php(97): CodeIgniter\Debug\Exceptions->errorHandler(2, 'Undefined property: stdClass::$subtotal', 'C:\\laragon\\www\\Capstone\\Backend\\app\\Controllers\\OrderController.php', 97)
 2 SYSTEMPATH\CodeIgniter.php(941): App\Controllers\OrderController->updateOrderItem('174')
 3 SYSTEMPATH\CodeIgniter.php(502): CodeIgniter\CodeIgniter->runController(Object(App\Controllers\OrderController))
 4 SYSTEMPATH\CodeIgniter.php(361): CodeIgniter\CodeIgniter->handleRequest(null, Object(Config\Cache), false)
 5 FCPATH\index.php(88): CodeIgniter\CodeIgniter->run()
CRITICAL - 2024-02-18 12:58:38 --> ErrorException: Undefined property: stdClass::$subtotal
in APPPATH\Controllers\OrderController.php on line 97.
 1 APPPATH\Controllers\OrderController.php(97): CodeIgniter\Debug\Exceptions->errorHandler(2, 'Undefined property: stdClass::$subtotal', 'C:\\laragon\\www\\Capstone\\Backend\\app\\Controllers\\OrderController.php', 97)
 2 SYSTEMPATH\CodeIgniter.php(941): App\Controllers\OrderController->updateOrderItem('174')
 3 SYSTEMPATH\CodeIgniter.php(502): CodeIgniter\CodeIgniter->runController(Object(App\Controllers\OrderController))
 4 SYSTEMPATH\CodeIgniter.php(361): CodeIgniter\CodeIgniter->handleRequest(null, Object(Config\Cache), false)
 5 FCPATH\index.php(88): CodeIgniter\CodeIgniter->run()
CRITICAL - 2024-02-18 12:58:39 --> ErrorException: Undefined property: stdClass::$subtotal
in APPPATH\Controllers\OrderController.php on line 97.
 1 APPPATH\Controllers\OrderController.php(97): CodeIgniter\Debug\Exceptions->errorHandler(2, 'Undefined property: stdClass::$subtotal', 'C:\\laragon\\www\\Capstone\\Backend\\app\\Controllers\\OrderController.php', 97)
 2 SYSTEMPATH\CodeIgniter.php(941): App\Controllers\OrderController->updateOrderItem('174')
 3 SYSTEMPATH\CodeIgniter.php(502): CodeIgniter\CodeIgniter->runController(Object(App\Controllers\OrderController))
 4 SYSTEMPATH\CodeIgniter.php(361): CodeIgniter\CodeIgniter->handleRequest(null, Object(Config\Cache), false)
 5 FCPATH\index.php(88): CodeIgniter\CodeIgniter->run()
CRITICAL - 2024-02-18 12:58:43 --> ErrorException: Undefined property: stdClass::$subtotal
in APPPATH\Controllers\OrderController.php on line 97.
 1 APPPATH\Controllers\OrderController.php(97): CodeIgniter\Debug\Exceptions->errorHandler(2, 'Undefined property: stdClass::$subtotal', 'C:\\laragon\\www\\Capstone\\Backend\\app\\Controllers\\OrderController.php', 97)
 2 SYSTEMPATH\CodeIgniter.php(941): App\Controllers\OrderController->updateOrderItem('175')
 3 SYSTEMPATH\CodeIgniter.php(502): CodeIgniter\CodeIgniter->runController(Object(App\Controllers\OrderController))
 4 SYSTEMPATH\CodeIgniter.php(361): CodeIgniter\CodeIgniter->handleRequest(null, Object(Config\Cache), false)
 5 FCPATH\index.php(88): CodeIgniter\CodeIgniter->run()
CRITICAL - 2024-02-18 12:58:44 --> ErrorException: Undefined property: stdClass::$subtotal
in APPPATH\Controllers\OrderController.php on line 97.
 1 APPPATH\Controllers\OrderController.php(97): CodeIgniter\Debug\Exceptions->errorHandler(2, 'Undefined property: stdClass::$subtotal', 'C:\\laragon\\www\\Capstone\\Backend\\app\\Controllers\\OrderController.php', 97)
 2 SYSTEMPATH\CodeIgniter.php(941): App\Controllers\OrderController->updateOrderItem('175')
 3 SYSTEMPATH\CodeIgniter.php(502): CodeIgniter\CodeIgniter->runController(Object(App\Controllers\OrderController))
 4 SYSTEMPATH\CodeIgniter.php(361): CodeIgniter\CodeIgniter->handleRequest(null, Object(Config\Cache), false)
 5 FCPATH\index.php(88): CodeIgniter\CodeIgniter->run()
CRITICAL - 2024-02-18 12:58:46 --> ErrorException: Undefined property: stdClass::$subtotal
in APPPATH\Controllers\OrderController.php on line 97.
 1 APPPATH\Controllers\OrderController.php(97): CodeIgniter\Debug\Exceptions->errorHandler(2, 'Undefined property: stdClass::$subtotal', 'C:\\laragon\\www\\Capstone\\Backend\\app\\Controllers\\OrderController.php', 97)
 2 SYSTEMPATH\CodeIgniter.php(941): App\Controllers\OrderController->updateOrderItem('175')
 3 SYSTEMPATH\CodeIgniter.php(502): CodeIgniter\CodeIgniter->runController(Object(App\Controllers\OrderController))
 4 SYSTEMPATH\CodeIgniter.php(361): CodeIgniter\CodeIgniter->handleRequest(null, Object(Config\Cache), false)
 5 FCPATH\index.php(88): CodeIgniter\CodeIgniter->run()
CRITICAL - 2024-02-18 12:58:46 --> ErrorException: Undefined property: stdClass::$subtotal
in APPPATH\Controllers\OrderController.php on line 97.
 1 APPPATH\Controllers\OrderController.php(97): CodeIgniter\Debug\Exceptions->errorHandler(2, 'Undefined property: stdClass::$subtotal', 'C:\\laragon\\www\\Capstone\\Backend\\app\\Controllers\\OrderController.php', 97)
 2 SYSTEMPATH\CodeIgniter.php(941): App\Controllers\OrderController->updateOrderItem('175')
 3 SYSTEMPATH\CodeIgniter.php(502): CodeIgniter\CodeIgniter->runController(Object(App\Controllers\OrderController))
 4 SYSTEMPATH\CodeIgniter.php(361): CodeIgniter\CodeIgniter->handleRequest(null, Object(Config\Cache), false)
 5 FCPATH\index.php(88): CodeIgniter\CodeIgniter->run()
CRITICAL - 2024-02-18 13:01:19 --> ErrorException: Undefined array key "price"
in APPPATH\Controllers\OrderController.php on line 97.
 1 APPPATH\Controllers\OrderController.php(97): CodeIgniter\Debug\Exceptions->errorHandler(2, 'Undefined array key "price"', 'C:\\laragon\\www\\Capstone\\Backend\\app\\Controllers\\OrderController.php', 97)
 2 SYSTEMPATH\CodeIgniter.php(941): App\Controllers\OrderController->updateOrderItem('178')
 3 SYSTEMPATH\CodeIgniter.php(502): CodeIgniter\CodeIgniter->runController(Object(App\Controllers\OrderController))
 4 SYSTEMPATH\CodeIgniter.php(361): CodeIgniter\CodeIgniter->handleRequest(null, Object(Config\Cache), false)
 5 FCPATH\index.php(88): CodeIgniter\CodeIgniter->run()
CRITICAL - 2024-02-18 13:01:22 --> ErrorException: Undefined array key "price"
in APPPATH\Controllers\OrderController.php on line 97.
 1 APPPATH\Controllers\OrderController.php(97): CodeIgniter\Debug\Exceptions->errorHandler(2, 'Undefined array key "price"', 'C:\\laragon\\www\\Capstone\\Backend\\app\\Controllers\\OrderController.php', 97)
 2 SYSTEMPATH\CodeIgniter.php(941): App\Controllers\OrderController->updateOrderItem('179')
 3 SYSTEMPATH\CodeIgniter.php(502): CodeIgniter\CodeIgniter->runController(Object(App\Controllers\OrderController))
 4 SYSTEMPATH\CodeIgniter.php(361): CodeIgniter\CodeIgniter->handleRequest(null, Object(Config\Cache), false)
 5 FCPATH\index.php(88): CodeIgniter\CodeIgniter->run()
CRITICAL - 2024-02-18 13:01:26 --> ErrorException: Undefined array key "price"
in APPPATH\Controllers\OrderController.php on line 97.
 1 APPPATH\Controllers\OrderController.php(97): CodeIgniter\Debug\Exceptions->errorHandler(2, 'Undefined array key "price"', 'C:\\laragon\\www\\Capstone\\Backend\\app\\Controllers\\OrderController.php', 97)
 2 SYSTEMPATH\CodeIgniter.php(941): App\Controllers\OrderController->updateOrderItem('179')
 3 SYSTEMPATH\CodeIgniter.php(502): CodeIgniter\CodeIgniter->runController(Object(App\Controllers\OrderController))
 4 SYSTEMPATH\CodeIgniter.php(361): CodeIgniter\CodeIgniter->handleRequest(null, Object(Config\Cache), false)
 5 FCPATH\index.php(88): CodeIgniter\CodeIgniter->run()
CRITICAL - 2024-02-18 13:01:27 --> ErrorException: Undefined array key "price"
in APPPATH\Controllers\OrderController.php on line 97.
 1 APPPATH\Controllers\OrderController.php(97): CodeIgniter\Debug\Exceptions->errorHandler(2, 'Undefined array key "price"', 'C:\\laragon\\www\\Capstone\\Backend\\app\\Controllers\\OrderController.php', 97)
 2 SYSTEMPATH\CodeIgniter.php(941): App\Controllers\OrderController->updateOrderItem('179')
 3 SYSTEMPATH\CodeIgniter.php(502): CodeIgniter\CodeIgniter->runController(Object(App\Controllers\OrderController))
 4 SYSTEMPATH\CodeIgniter.php(361): CodeIgniter\CodeIgniter->handleRequest(null, Object(Config\Cache), false)
 5 FCPATH\index.php(88): CodeIgniter\CodeIgniter->run()
CRITICAL - 2024-02-18 13:01:27 --> ErrorException: Undefined array key "price"
in APPPATH\Controllers\OrderController.php on line 97.
 1 APPPATH\Controllers\OrderController.php(97): CodeIgniter\Debug\Exceptions->errorHandler(2, 'Undefined array key "price"', 'C:\\laragon\\www\\Capstone\\Backend\\app\\Controllers\\OrderController.php', 97)
 2 SYSTEMPATH\CodeIgniter.php(941): App\Controllers\OrderController->updateOrderItem('179')
 3 SYSTEMPATH\CodeIgniter.php(502): CodeIgniter\CodeIgniter->runController(Object(App\Controllers\OrderController))
 4 SYSTEMPATH\CodeIgniter.php(361): CodeIgniter\CodeIgniter->handleRequest(null, Object(Config\Cache), false)
 5 FCPATH\index.php(88): CodeIgniter\CodeIgniter->run()
CRITICAL - 2024-02-18 13:02:11 --> TypeError: Unsupported operand types: string * int
in APPPATH\Controllers\OrderController.php on line 96.
 1 SYSTEMPATH\CodeIgniter.php(941): App\Controllers\OrderController->updateOrderItem('180')
 2 SYSTEMPATH\CodeIgniter.php(502): CodeIgniter\CodeIgniter->runController(Object(App\Controllers\OrderController))
 3 SYSTEMPATH\CodeIgniter.php(361): CodeIgniter\CodeIgniter->handleRequest(null, Object(Config\Cache), false)
 4 FCPATH\index.php(88): CodeIgniter\CodeIgniter->run()
CRITICAL - 2024-02-18 13:02:12 --> TypeError: Unsupported operand types: string * int
in APPPATH\Controllers\OrderController.php on line 96.
 1 SYSTEMPATH\CodeIgniter.php(941): App\Controllers\OrderController->updateOrderItem('180')
 2 SYSTEMPATH\CodeIgniter.php(502): CodeIgniter\CodeIgniter->runController(Object(App\Controllers\OrderController))
 3 SYSTEMPATH\CodeIgniter.php(361): CodeIgniter\CodeIgniter->handleRequest(null, Object(Config\Cache), false)
 4 FCPATH\index.php(88): CodeIgniter\CodeIgniter->run()
CRITICAL - 2024-02-18 13:02:13 --> TypeError: Unsupported operand types: string * int
in APPPATH\Controllers\OrderController.php on line 96.
 1 SYSTEMPATH\CodeIgniter.php(941): App\Controllers\OrderController->updateOrderItem('180')
 2 SYSTEMPATH\CodeIgniter.php(502): CodeIgniter\CodeIgniter->runController(Object(App\Controllers\OrderController))
 3 SYSTEMPATH\CodeIgniter.php(361): CodeIgniter\CodeIgniter->handleRequest(null, Object(Config\Cache), false)
 4 FCPATH\index.php(88): CodeIgniter\CodeIgniter->run()
ERROR - 2024-02-18 13:10:57 --> mysqli_sql_exception: Cannot add or update a child row: a foreign key constraint fails (`anahaw`.`order_items`, CONSTRAINT `menu_item` FOREIGN KEY (`menu_item`) REFERENCES `menu` (`id`) ON DELETE RESTRICT ON UPDATE RESTRICT) in C:\laragon\www\Capstone\Backend\system\Database\MySQLi\Connection.php:306
Stack trace:
#0 C:\laragon\www\Capstone\Backend\system\Database\MySQLi\Connection.php(306): mysqli->query('INSERT INTO `or...', 0)
#1 C:\laragon\www\Capstone\Backend\system\Database\BaseConnection.php(693): CodeIgniter\Database\MySQLi\Connection->execute('INSERT INTO `or...')
#2 C:\laragon\www\Capstone\Backend\system\Database\BaseConnection.php(607): CodeIgniter\Database\BaseConnection->simpleQuery('INSERT INTO `or...')
#3 C:\laragon\www\Capstone\Backend\system\Database\BaseBuilder.php(2307): CodeIgniter\Database\BaseConnection->query('INSERT INTO `or...', Array, false)
#4 C:\laragon\www\Capstone\Backend\system\Model.php(326): CodeIgniter\Database\BaseBuilder->insert()
#5 C:\laragon\www\Capstone\Backend\system\BaseModel.php(802): CodeIgniter\Model->doInsert(Array)
#6 C:\laragon\www\Capstone\Backend\system\Model.php(744): CodeIgniter\BaseModel->insert(Array, true)
#7 C:\laragon\www\Capstone\Backend\app\Controllers\OrderController.php(68): CodeIgniter\Model->insert(Array)
#8 C:\laragon\www\Capstone\Backend\system\CodeIgniter.php(941): App\Controllers\OrderController->addItemToOrder()
#9 C:\laragon\www\Capstone\Backend\system\CodeIgniter.php(502): CodeIgniter\CodeIgniter->runController(Object(App\Controllers\OrderController))
#10 C:\laragon\www\Capstone\Backend\system\CodeIgniter.php(361): CodeIgniter\CodeIgniter->handleRequest(NULL, Object(Config\Cache), false)
#11 C:\laragon\www\Capstone\Backend\public\index.php(88): CodeIgniter\CodeIgniter->run()
#12 {main}
CRITICAL - 2024-02-18 13:10:57 --> CodeIgniter\Database\Exceptions\DatabaseException: Cannot add or update a child row: a foreign key constraint fails (`anahaw`.`order_items`, CONSTRAINT `menu_item` FOREIGN KEY (`menu_item`) REFERENCES `menu` (`id`) ON DELETE RESTRICT ON UPDATE RESTRICT)
in SYSTEMPATH\Database\BaseConnection.php on line 647.
 1 SYSTEMPATH\Database\BaseBuilder.php(2307): CodeIgniter\Database\BaseConnection->query('INSERT INTO `order_items` (`order_id`, `menu_item`, `quantity`, `subtotal`) VALUES (:order_id:, :menu_item:, :quantity:, :subtotal:)', [...], false)
 2 SYSTEMPATH\Model.php(326): CodeIgniter\Database\BaseBuilder->insert()
 3 SYSTEMPATH\BaseModel.php(802): CodeIgniter\Model->doInsert([...])
 4 SYSTEMPATH\Model.php(744): CodeIgniter\BaseModel->insert([...], true)
 5 APPPATH\Controllers\OrderController.php(68): CodeIgniter\Model->insert([...])
 6 SYSTEMPATH\CodeIgniter.php(941): App\Controllers\OrderController->addItemToOrder()
 7 SYSTEMPATH\CodeIgniter.php(502): CodeIgniter\CodeIgniter->runController(Object(App\Controllers\OrderController))
 8 SYSTEMPATH\CodeIgniter.php(361): CodeIgniter\CodeIgniter->handleRequest(null, Object(Config\Cache), false)
 9 FCPATH\index.php(88): CodeIgniter\CodeIgniter->run()
CRITICAL - 2024-02-18 13:10:57 --> [Caused by] CodeIgniter\Database\Exceptions\DatabaseException: Cannot add or update a child row: a foreign key constraint fails (`anahaw`.`order_items`, CONSTRAINT `menu_item` FOREIGN KEY (`menu_item`) REFERENCES `menu` (`id`) ON DELETE RESTRICT ON UPDATE RESTRICT)
in SYSTEMPATH\Database\MySQLi\Connection.php on line 311.
 1 SYSTEMPATH\Database\BaseConnection.php(693): CodeIgniter\Database\MySQLi\Connection->execute('INSERT INTO `order_items` (`order_id`, `menu_item`, `quantity`, `subtotal`) VALUES (243, \'Hot chocolate\', 1, \'50.00\')')
 2 SYSTEMPATH\Database\BaseConnection.php(607): CodeIgniter\Database\BaseConnection->simpleQuery('INSERT INTO `order_items` (`order_id`, `menu_item`, `quantity`, `subtotal`) VALUES (243, \'Hot chocolate\', 1, \'50.00\')')
 3 SYSTEMPATH\Database\BaseBuilder.php(2307): CodeIgniter\Database\BaseConnection->query('INSERT INTO `order_items` (`order_id`, `menu_item`, `quantity`, `subtotal`) VALUES (:order_id:, :menu_item:, :quantity:, :subtotal:)', [...], false)
 4 SYSTEMPATH\Model.php(326): CodeIgniter\Database\BaseBuilder->insert()
 5 SYSTEMPATH\BaseModel.php(802): CodeIgniter\Model->doInsert([...])
 6 SYSTEMPATH\Model.php(744): CodeIgniter\BaseModel->insert([...], true)
 7 APPPATH\Controllers\OrderController.php(68): CodeIgniter\Model->insert([...])
 8 SYSTEMPATH\CodeIgniter.php(941): App\Controllers\OrderController->addItemToOrder()
 9 SYSTEMPATH\CodeIgniter.php(502): CodeIgniter\CodeIgniter->runController(Object(App\Controllers\OrderController))
10 SYSTEMPATH\CodeIgniter.php(361): CodeIgniter\CodeIgniter->handleRequest(null, Object(Config\Cache), false)
11 FCPATH\index.php(88): CodeIgniter\CodeIgniter->run()
CRITICAL - 2024-02-18 13:10:57 --> [Caused by] mysqli_sql_exception: Cannot add or update a child row: a foreign key constraint fails (`anahaw`.`order_items`, CONSTRAINT `menu_item` FOREIGN KEY (`menu_item`) REFERENCES `menu` (`id`) ON DELETE RESTRICT ON UPDATE RESTRICT)
in SYSTEMPATH\Database\MySQLi\Connection.php on line 306.
 1 SYSTEMPATH\Database\MySQLi\Connection.php(306): mysqli->query('INSERT INTO `order_items` (`order_id`, `menu_item`, `quantity`, `subtotal`) VALUES (243, \'Hot chocolate\', 1, \'50.00\')', 0)
 2 SYSTEMPATH\Database\BaseConnection.php(693): CodeIgniter\Database\MySQLi\Connection->execute('INSERT INTO `order_items` (`order_id`, `menu_item`, `quantity`, `subtotal`) VALUES (243, \'Hot chocolate\', 1, \'50.00\')')
 3 SYSTEMPATH\Database\BaseConnection.php(607): CodeIgniter\Database\BaseConnection->simpleQuery('INSERT INTO `order_items` (`order_id`, `menu_item`, `quantity`, `subtotal`) VALUES (243, \'Hot chocolate\', 1, \'50.00\')')
 4 SYSTEMPATH\Database\BaseBuilder.php(2307): CodeIgniter\Database\BaseConnection->query('INSERT INTO `order_items` (`order_id`, `menu_item`, `quantity`, `subtotal`) VALUES (:order_id:, :menu_item:, :quantity:, :subtotal:)', [...], false)
 5 SYSTEMPATH\Model.php(326): CodeIgniter\Database\BaseBuilder->insert()
 6 SYSTEMPATH\BaseModel.php(802): CodeIgniter\Model->doInsert([...])
 7 SYSTEMPATH\Model.php(744): CodeIgniter\BaseModel->insert([...], true)
 8 APPPATH\Controllers\OrderController.php(68): CodeIgniter\Model->insert([...])
 9 SYSTEMPATH\CodeIgniter.php(941): App\Controllers\OrderController->addItemToOrder()
10 SYSTEMPATH\CodeIgniter.php(502): CodeIgniter\CodeIgniter->runController(Object(App\Controllers\OrderController))
11 SYSTEMPATH\CodeIgniter.php(361): CodeIgniter\CodeIgniter->handleRequest(null, Object(Config\Cache), false)
12 FCPATH\index.php(88): CodeIgniter\CodeIgniter->run()
ERROR - 2024-02-18 13:27:32 --> mysqli_sql_exception: Cannot add or update a child row: a foreign key constraint fails (`anahaw`.`order_items`, CONSTRAINT `asdasd` FOREIGN KEY (`order_id`) REFERENCES `orders` (`id`) ON DELETE RESTRICT ON UPDATE RESTRICT) in C:\laragon\www\Capstone\Backend\system\Database\MySQLi\Connection.php:306
Stack trace:
#0 C:\laragon\www\Capstone\Backend\system\Database\MySQLi\Connection.php(306): mysqli->query('INSERT INTO `or...', 0)
#1 C:\laragon\www\Capstone\Backend\system\Database\BaseConnection.php(693): CodeIgniter\Database\MySQLi\Connection->execute('INSERT INTO `or...')
#2 C:\laragon\www\Capstone\Backend\system\Database\BaseConnection.php(607): CodeIgniter\Database\BaseConnection->simpleQuery('INSERT INTO `or...')
#3 C:\laragon\www\Capstone\Backend\system\Database\BaseBuilder.php(2307): CodeIgniter\Database\BaseConnection->query('INSERT INTO `or...', Array, false)
#4 C:\laragon\www\Capstone\Backend\system\Model.php(326): CodeIgniter\Database\BaseBuilder->insert()
#5 C:\laragon\www\Capstone\Backend\system\BaseModel.php(802): CodeIgniter\Model->doInsert(Array)
#6 C:\laragon\www\Capstone\Backend\system\Model.php(744): CodeIgniter\BaseModel->insert(Array, true)
#7 C:\laragon\www\Capstone\Backend\app\Controllers\OrderController.php(69): CodeIgniter\Model->insert(Array)
#8 C:\laragon\www\Capstone\Backend\system\CodeIgniter.php(941): App\Controllers\OrderController->addItemToOrder()
#9 C:\laragon\www\Capstone\Backend\system\CodeIgniter.php(502): CodeIgniter\CodeIgniter->runController(Object(App\Controllers\OrderController))
#10 C:\laragon\www\Capstone\Backend\system\CodeIgniter.php(361): CodeIgniter\CodeIgniter->handleRequest(NULL, Object(Config\Cache), false)
#11 C:\laragon\www\Capstone\Backend\public\index.php(88): CodeIgniter\CodeIgniter->run()
#12 {main}
CRITICAL - 2024-02-18 13:27:32 --> CodeIgniter\Database\Exceptions\DatabaseException: Cannot add or update a child row: a foreign key constraint fails (`anahaw`.`order_items`, CONSTRAINT `asdasd` FOREIGN KEY (`order_id`) REFERENCES `orders` (`id`) ON DELETE RESTRICT ON UPDATE RESTRICT)
in SYSTEMPATH\Database\BaseConnection.php on line 647.
 1 SYSTEMPATH\Database\BaseBuilder.php(2307): CodeIgniter\Database\BaseConnection->query('INSERT INTO `order_items` (`order_id`, `menu_item`, `quantity`, `subtotal`) VALUES (:order_id:, :menu_item:, :quantity:, :subtotal:)', [...], false)
 2 SYSTEMPATH\Model.php(326): CodeIgniter\Database\BaseBuilder->insert()
 3 SYSTEMPATH\BaseModel.php(802): CodeIgniter\Model->doInsert([...])
 4 SYSTEMPATH\Model.php(744): CodeIgniter\BaseModel->insert([...], true)
 5 APPPATH\Controllers\OrderController.php(69): CodeIgniter\Model->insert([...])
 6 SYSTEMPATH\CodeIgniter.php(941): App\Controllers\OrderController->addItemToOrder()
 7 SYSTEMPATH\CodeIgniter.php(502): CodeIgniter\CodeIgniter->runController(Object(App\Controllers\OrderController))
 8 SYSTEMPATH\CodeIgniter.php(361): CodeIgniter\CodeIgniter->handleRequest(null, Object(Config\Cache), false)
 9 FCPATH\index.php(88): CodeIgniter\CodeIgniter->run()
CRITICAL - 2024-02-18 13:27:32 --> [Caused by] CodeIgniter\Database\Exceptions\DatabaseException: Cannot add or update a child row: a foreign key constraint fails (`anahaw`.`order_items`, CONSTRAINT `asdasd` FOREIGN KEY (`order_id`) REFERENCES `orders` (`id`) ON DELETE RESTRICT ON UPDATE RESTRICT)
in SYSTEMPATH\Database\MySQLi\Connection.php on line 311.
 1 SYSTEMPATH\Database\BaseConnection.php(693): CodeIgniter\Database\MySQLi\Connection->execute('INSERT INTO `order_items` (`order_id`, `menu_item`, `quantity`, `subtotal`) VALUES (254, \'Kare-Kare\', 1, \'300.00\')')
 2 SYSTEMPATH\Database\BaseConnection.php(607): CodeIgniter\Database\BaseConnection->simpleQuery('INSERT INTO `order_items` (`order_id`, `menu_item`, `quantity`, `subtotal`) VALUES (254, \'Kare-Kare\', 1, \'300.00\')')
 3 SYSTEMPATH\Database\BaseBuilder.php(2307): CodeIgniter\Database\BaseConnection->query('INSERT INTO `order_items` (`order_id`, `menu_item`, `quantity`, `subtotal`) VALUES (:order_id:, :menu_item:, :quantity:, :subtotal:)', [...], false)
 4 SYSTEMPATH\Model.php(326): CodeIgniter\Database\BaseBuilder->insert()
 5 SYSTEMPATH\BaseModel.php(802): CodeIgniter\Model->doInsert([...])
 6 SYSTEMPATH\Model.php(744): CodeIgniter\BaseModel->insert([...], true)
 7 APPPATH\Controllers\OrderController.php(69): CodeIgniter\Model->insert([...])
 8 SYSTEMPATH\CodeIgniter.php(941): App\Controllers\OrderController->addItemToOrder()
 9 SYSTEMPATH\CodeIgniter.php(502): CodeIgniter\CodeIgniter->runController(Object(App\Controllers\OrderController))
10 SYSTEMPATH\CodeIgniter.php(361): CodeIgniter\CodeIgniter->handleRequest(null, Object(Config\Cache), false)
11 FCPATH\index.php(88): CodeIgniter\CodeIgniter->run()
CRITICAL - 2024-02-18 13:27:32 --> [Caused by] mysqli_sql_exception: Cannot add or update a child row: a foreign key constraint fails (`anahaw`.`order_items`, CONSTRAINT `asdasd` FOREIGN KEY (`order_id`) REFERENCES `orders` (`id`) ON DELETE RESTRICT ON UPDATE RESTRICT)
in SYSTEMPATH\Database\MySQLi\Connection.php on line 306.
 1 SYSTEMPATH\Database\MySQLi\Connection.php(306): mysqli->query('INSERT INTO `order_items` (`order_id`, `menu_item`, `quantity`, `subtotal`) VALUES (254, \'Kare-Kare\', 1, \'300.00\')', 0)
 2 SYSTEMPATH\Database\BaseConnection.php(693): CodeIgniter\Database\MySQLi\Connection->execute('INSERT INTO `order_items` (`order_id`, `menu_item`, `quantity`, `subtotal`) VALUES (254, \'Kare-Kare\', 1, \'300.00\')')
 3 SYSTEMPATH\Database\BaseConnection.php(607): CodeIgniter\Database\BaseConnection->simpleQuery('INSERT INTO `order_items` (`order_id`, `menu_item`, `quantity`, `subtotal`) VALUES (254, \'Kare-Kare\', 1, \'300.00\')')
 4 SYSTEMPATH\Database\BaseBuilder.php(2307): CodeIgniter\Database\BaseConnection->query('INSERT INTO `order_items` (`order_id`, `menu_item`, `quantity`, `subtotal`) VALUES (:order_id:, :menu_item:, :quantity:, :subtotal:)', [...], false)
 5 SYSTEMPATH\Model.php(326): CodeIgniter\Database\BaseBuilder->insert()
 6 SYSTEMPATH\BaseModel.php(802): CodeIgniter\Model->doInsert([...])
 7 SYSTEMPATH\Model.php(744): CodeIgniter\BaseModel->insert([...], true)
 8 APPPATH\Controllers\OrderController.php(69): CodeIgniter\Model->insert([...])
 9 SYSTEMPATH\CodeIgniter.php(941): App\Controllers\OrderController->addItemToOrder()
10 SYSTEMPATH\CodeIgniter.php(502): CodeIgniter\CodeIgniter->runController(Object(App\Controllers\OrderController))
11 SYSTEMPATH\CodeIgniter.php(361): CodeIgniter\CodeIgniter->handleRequest(null, Object(Config\Cache), false)
12 FCPATH\index.php(88): CodeIgniter\CodeIgniter->run()
CRITICAL - 2024-02-18 13:38:32 --> ErrorException: Undefined property: stdClass::$order_id
in APPPATH\Controllers\OrderController.php on line 121.
 1 APPPATH\Controllers\OrderController.php(121): CodeIgniter\Debug\Exceptions->errorHandler(2, 'Undefined property: stdClass::$order_id', 'C:\\laragon\\www\\Capstone\\Backend\\app\\Controllers\\OrderController.php', 121)
 2 SYSTEMPATH\CodeIgniter.php(941): App\Controllers\OrderController->updateOrderItem('222')
 3 SYSTEMPATH\CodeIgniter.php(502): CodeIgniter\CodeIgniter->runController(Object(App\Controllers\OrderController))
 4 SYSTEMPATH\CodeIgniter.php(361): CodeIgniter\CodeIgniter->handleRequest(null, Object(Config\Cache), false)
 5 FCPATH\index.php(88): CodeIgniter\CodeIgniter->run()
CRITICAL - 2024-02-18 13:38:41 --> ErrorException: Undefined property: stdClass::$order_id
in APPPATH\Controllers\OrderController.php on line 121.
 1 APPPATH\Controllers\OrderController.php(121): CodeIgniter\Debug\Exceptions->errorHandler(2, 'Undefined property: stdClass::$order_id', 'C:\\laragon\\www\\Capstone\\Backend\\app\\Controllers\\OrderController.php', 121)
 2 SYSTEMPATH\CodeIgniter.php(941): App\Controllers\OrderController->updateOrderItem('223')
 3 SYSTEMPATH\CodeIgniter.php(502): CodeIgniter\CodeIgniter->runController(Object(App\Controllers\OrderController))
 4 SYSTEMPATH\CodeIgniter.php(361): CodeIgniter\CodeIgniter->handleRequest(null, Object(Config\Cache), false)
 5 FCPATH\index.php(88): CodeIgniter\CodeIgniter->run()
CRITICAL - 2024-02-18 13:38:42 --> ErrorException: Undefined property: stdClass::$order_id
in APPPATH\Controllers\OrderController.php on line 121.
 1 APPPATH\Controllers\OrderController.php(121): CodeIgniter\Debug\Exceptions->errorHandler(2, 'Undefined property: stdClass::$order_id', 'C:\\laragon\\www\\Capstone\\Backend\\app\\Controllers\\OrderController.php', 121)
 2 SYSTEMPATH\CodeIgniter.php(941): App\Controllers\OrderController->updateOrderItem('223')
 3 SYSTEMPATH\CodeIgniter.php(502): CodeIgniter\CodeIgniter->runController(Object(App\Controllers\OrderController))
 4 SYSTEMPATH\CodeIgniter.php(361): CodeIgniter\CodeIgniter->handleRequest(null, Object(Config\Cache), false)
 5 FCPATH\index.php(88): CodeIgniter\CodeIgniter->run()
CRITICAL - 2024-02-18 13:38:42 --> ErrorException: Undefined property: stdClass::$order_id
in APPPATH\Controllers\OrderController.php on line 121.
 1 APPPATH\Controllers\OrderController.php(121): CodeIgniter\Debug\Exceptions->errorHandler(2, 'Undefined property: stdClass::$order_id', 'C:\\laragon\\www\\Capstone\\Backend\\app\\Controllers\\OrderController.php', 121)
 2 SYSTEMPATH\CodeIgniter.php(941): App\Controllers\OrderController->updateOrderItem('223')
 3 SYSTEMPATH\CodeIgniter.php(502): CodeIgniter\CodeIgniter->runController(Object(App\Controllers\OrderController))
 4 SYSTEMPATH\CodeIgniter.php(361): CodeIgniter\CodeIgniter->handleRequest(null, Object(Config\Cache), false)
 5 FCPATH\index.php(88): CodeIgniter\CodeIgniter->run()
CRITICAL - 2024-02-18 13:38:42 --> ErrorException: Undefined property: stdClass::$order_id
in APPPATH\Controllers\OrderController.php on line 121.
 1 APPPATH\Controllers\OrderController.php(121): CodeIgniter\Debug\Exceptions->errorHandler(2, 'Undefined property: stdClass::$order_id', 'C:\\laragon\\www\\Capstone\\Backend\\app\\Controllers\\OrderController.php', 121)
 2 SYSTEMPATH\CodeIgniter.php(941): App\Controllers\OrderController->updateOrderItem('223')
 3 SYSTEMPATH\CodeIgniter.php(502): CodeIgniter\CodeIgniter->runController(Object(App\Controllers\OrderController))
 4 SYSTEMPATH\CodeIgniter.php(361): CodeIgniter\CodeIgniter->handleRequest(null, Object(Config\Cache), false)
 5 FCPATH\index.php(88): CodeIgniter\CodeIgniter->run()
ERROR - 2024-02-18 15:13:08 --> mysqli_sql_exception: Cannot add or update a child row: a foreign key constraint fails (`anahaw`.`order_items`, CONSTRAINT `asdasd` FOREIGN KEY (`order_id`) REFERENCES `orders` (`id`) ON DELETE CASCADE ON UPDATE CASCADE) in C:\laragon\www\Capstone\Backend\system\Database\MySQLi\Connection.php:306
Stack trace:
#0 C:\laragon\www\Capstone\Backend\system\Database\MySQLi\Connection.php(306): mysqli->query('INSERT INTO `or...', 0)
#1 C:\laragon\www\Capstone\Backend\system\Database\BaseConnection.php(693): CodeIgniter\Database\MySQLi\Connection->execute('INSERT INTO `or...')
#2 C:\laragon\www\Capstone\Backend\system\Database\BaseConnection.php(607): CodeIgniter\Database\BaseConnection->simpleQuery('INSERT INTO `or...')
#3 C:\laragon\www\Capstone\Backend\system\Database\BaseBuilder.php(2307): CodeIgniter\Database\BaseConnection->query('INSERT INTO `or...', Array, false)
#4 C:\laragon\www\Capstone\Backend\system\Model.php(326): CodeIgniter\Database\BaseBuilder->insert()
#5 C:\laragon\www\Capstone\Backend\system\BaseModel.php(802): CodeIgniter\Model->doInsert(Array)
#6 C:\laragon\www\Capstone\Backend\system\Model.php(744): CodeIgniter\BaseModel->insert(Array, true)
#7 C:\laragon\www\Capstone\Backend\app\Controllers\OrderController.php(97): CodeIgniter\Model->insert(Array)
#8 C:\laragon\www\Capstone\Backend\system\CodeIgniter.php(941): App\Controllers\OrderController->addItemToOrder()
#9 C:\laragon\www\Capstone\Backend\system\CodeIgniter.php(502): CodeIgniter\CodeIgniter->runController(Object(App\Controllers\OrderController))
#10 C:\laragon\www\Capstone\Backend\system\CodeIgniter.php(361): CodeIgniter\CodeIgniter->handleRequest(NULL, Object(Config\Cache), false)
#11 C:\laragon\www\Capstone\Backend\public\index.php(88): CodeIgniter\CodeIgniter->run()
#12 {main}
CRITICAL - 2024-02-18 15:13:08 --> CodeIgniter\Database\Exceptions\DatabaseException: Cannot add or update a child row: a foreign key constraint fails (`anahaw`.`order_items`, CONSTRAINT `asdasd` FOREIGN KEY (`order_id`) REFERENCES `orders` (`id`) ON DELETE CASCADE ON UPDATE CASCADE)
in SYSTEMPATH\Database\BaseConnection.php on line 647.
 1 SYSTEMPATH\Database\BaseBuilder.php(2307): CodeIgniter\Database\BaseConnection->query('INSERT INTO `order_items` (`order_id`, `menu_item`, `quantity`, `subtotal`) VALUES (:order_id:, :menu_item:, :quantity:, :subtotal:)', [...], false)
 2 SYSTEMPATH\Model.php(326): CodeIgniter\Database\BaseBuilder->insert()
 3 SYSTEMPATH\BaseModel.php(802): CodeIgniter\Model->doInsert([...])
 4 SYSTEMPATH\Model.php(744): CodeIgniter\BaseModel->insert([...], true)
 5 APPPATH\Controllers\OrderController.php(97): CodeIgniter\Model->insert([...])
 6 SYSTEMPATH\CodeIgniter.php(941): App\Controllers\OrderController->addItemToOrder()
 7 SYSTEMPATH\CodeIgniter.php(502): CodeIgniter\CodeIgniter->runController(Object(App\Controllers\OrderController))
 8 SYSTEMPATH\CodeIgniter.php(361): CodeIgniter\CodeIgniter->handleRequest(null, Object(Config\Cache), false)
 9 FCPATH\index.php(88): CodeIgniter\CodeIgniter->run()
CRITICAL - 2024-02-18 15:13:08 --> [Caused by] CodeIgniter\Database\Exceptions\DatabaseException: Cannot add or update a child row: a foreign key constraint fails (`anahaw`.`order_items`, CONSTRAINT `asdasd` FOREIGN KEY (`order_id`) REFERENCES `orders` (`id`) ON DELETE CASCADE ON UPDATE CASCADE)
in SYSTEMPATH\Database\MySQLi\Connection.php on line 311.
 1 SYSTEMPATH\Database\BaseConnection.php(693): CodeIgniter\Database\MySQLi\Connection->execute('INSERT INTO `order_items` (`order_id`, `menu_item`, `quantity`, `subtotal`) VALUES (335, \'Fried Chicken\', 1, \'350.00\')')
 2 SYSTEMPATH\Database\BaseConnection.php(607): CodeIgniter\Database\BaseConnection->simpleQuery('INSERT INTO `order_items` (`order_id`, `menu_item`, `quantity`, `subtotal`) VALUES (335, \'Fried Chicken\', 1, \'350.00\')')
 3 SYSTEMPATH\Database\BaseBuilder.php(2307): CodeIgniter\Database\BaseConnection->query('INSERT INTO `order_items` (`order_id`, `menu_item`, `quantity`, `subtotal`) VALUES (:order_id:, :menu_item:, :quantity:, :subtotal:)', [...], false)
 4 SYSTEMPATH\Model.php(326): CodeIgniter\Database\BaseBuilder->insert()
 5 SYSTEMPATH\BaseModel.php(802): CodeIgniter\Model->doInsert([...])
 6 SYSTEMPATH\Model.php(744): CodeIgniter\BaseModel->insert([...], true)
 7 APPPATH\Controllers\OrderController.php(97): CodeIgniter\Model->insert([...])
 8 SYSTEMPATH\CodeIgniter.php(941): App\Controllers\OrderController->addItemToOrder()
 9 SYSTEMPATH\CodeIgniter.php(502): CodeIgniter\CodeIgniter->runController(Object(App\Controllers\OrderController))
10 SYSTEMPATH\CodeIgniter.php(361): CodeIgniter\CodeIgniter->handleRequest(null, Object(Config\Cache), false)
11 FCPATH\index.php(88): CodeIgniter\CodeIgniter->run()
CRITICAL - 2024-02-18 15:13:08 --> [Caused by] mysqli_sql_exception: Cannot add or update a child row: a foreign key constraint fails (`anahaw`.`order_items`, CONSTRAINT `asdasd` FOREIGN KEY (`order_id`) REFERENCES `orders` (`id`) ON DELETE CASCADE ON UPDATE CASCADE)
in SYSTEMPATH\Database\MySQLi\Connection.php on line 306.
 1 SYSTEMPATH\Database\MySQLi\Connection.php(306): mysqli->query('INSERT INTO `order_items` (`order_id`, `menu_item`, `quantity`, `subtotal`) VALUES (335, \'Fried Chicken\', 1, \'350.00\')', 0)
 2 SYSTEMPATH\Database\BaseConnection.php(693): CodeIgniter\Database\MySQLi\Connection->execute('INSERT INTO `order_items` (`order_id`, `menu_item`, `quantity`, `subtotal`) VALUES (335, \'Fried Chicken\', 1, \'350.00\')')
 3 SYSTEMPATH\Database\BaseConnection.php(607): CodeIgniter\Database\BaseConnection->simpleQuery('INSERT INTO `order_items` (`order_id`, `menu_item`, `quantity`, `subtotal`) VALUES (335, \'Fried Chicken\', 1, \'350.00\')')
 4 SYSTEMPATH\Database\BaseBuilder.php(2307): CodeIgniter\Database\BaseConnection->query('INSERT INTO `order_items` (`order_id`, `menu_item`, `quantity`, `subtotal`) VALUES (:order_id:, :menu_item:, :quantity:, :subtotal:)', [...], false)
 5 SYSTEMPATH\Model.php(326): CodeIgniter\Database\BaseBuilder->insert()
 6 SYSTEMPATH\BaseModel.php(802): CodeIgniter\Model->doInsert([...])
 7 SYSTEMPATH\Model.php(744): CodeIgniter\BaseModel->insert([...], true)
 8 APPPATH\Controllers\OrderController.php(97): CodeIgniter\Model->insert([...])
 9 SYSTEMPATH\CodeIgniter.php(941): App\Controllers\OrderController->addItemToOrder()
10 SYSTEMPATH\CodeIgniter.php(502): CodeIgniter\CodeIgniter->runController(Object(App\Controllers\OrderController))
11 SYSTEMPATH\CodeIgniter.php(361): CodeIgniter\CodeIgniter->handleRequest(null, Object(Config\Cache), false)
12 FCPATH\index.php(88): CodeIgniter\CodeIgniter->run()
