ERROR - 2024-02-19 03:59:14 --> mysqli_sql_exception: Cannot add or update a child row: a foreign key constraint fails (`anahaw`.`order_items`, CONSTRAINT `asdasd` FOREIGN KEY (`order_id`) REFERENCES `orders` (`id`) ON DELETE CASCADE ON UPDATE CASCADE) in C:\laragon\www\Capstone\Backend\system\Database\MySQLi\Connection.php:306
Stack trace:
#0 C:\laragon\www\Capstone\Backend\system\Database\MySQLi\Connection.php(306): mysqli->query('INSERT INTO `or...', 0)
#1 C:\laragon\www\Capstone\Backend\system\Database\BaseConnection.php(693): CodeIgniter\Database\MySQLi\Connection->execute('INSERT INTO `or...')
#2 C:\laragon\www\Capstone\Backend\system\Database\BaseConnection.php(607): CodeIgniter\Database\BaseConnection->simpleQuery('INSERT INTO `or...')
#3 C:\laragon\www\Capstone\Backend\system\Database\BaseBuilder.php(2307): CodeIgniter\Database\BaseConnection->query('INSERT INTO `or...', Array, false)
#4 C:\laragon\www\Capstone\Backend\system\Model.php(326): CodeIgniter\Database\BaseBuilder->insert()
#5 C:\laragon\www\Capstone\Backend\system\BaseModel.php(802): CodeIgniter\Model->doInsert(Array)
#6 C:\laragon\www\Capstone\Backend\system\Model.php(744): CodeIgniter\BaseModel->insert(Array, true)
#7 C:\laragon\www\Capstone\Backend\app\Controllers\OrderController.php(113): CodeIgniter\Model->insert(Array)
#8 C:\laragon\www\Capstone\Backend\system\CodeIgniter.php(941): App\Controllers\OrderController->addItemToOrder()
#9 C:\laragon\www\Capstone\Backend\system\CodeIgniter.php(502): CodeIgniter\CodeIgniter->runController(Object(App\Controllers\OrderController))
#10 C:\laragon\www\Capstone\Backend\system\CodeIgniter.php(361): CodeIgniter\CodeIgniter->handleRequest(NULL, Object(Config\Cache), false)
#11 C:\laragon\www\Capstone\Backend\public\index.php(88): CodeIgniter\CodeIgniter->run()
#12 {main}
CRITICAL - 2024-02-19 03:59:14 --> CodeIgniter\Database\Exceptions\DatabaseException: Cannot add or update a child row: a foreign key constraint fails (`anahaw`.`order_items`, CONSTRAINT `asdasd` FOREIGN KEY (`order_id`) REFERENCES `orders` (`id`) ON DELETE CASCADE ON UPDATE CASCADE)
in SYSTEMPATH\Database\BaseConnection.php on line 647.
 1 SYSTEMPATH\Database\BaseBuilder.php(2307): CodeIgniter\Database\BaseConnection->query('INSERT INTO `order_items` (`order_id`, `menu_item`, `quantity`, `subtotal`) VALUES (:order_id:, :menu_item:, :quantity:, :subtotal:)', [...], false)
 2 SYSTEMPATH\Model.php(326): CodeIgniter\Database\BaseBuilder->insert()
 3 SYSTEMPATH\BaseModel.php(802): CodeIgniter\Model->doInsert([...])
 4 SYSTEMPATH\Model.php(744): CodeIgniter\BaseModel->insert([...], true)
 5 APPPATH\Controllers\OrderController.php(113): CodeIgniter\Model->insert([...])
 6 SYSTEMPATH\CodeIgniter.php(941): App\Controllers\OrderController->addItemToOrder()
 7 SYSTEMPATH\CodeIgniter.php(502): CodeIgniter\CodeIgniter->runController(Object(App\Controllers\OrderController))
 8 SYSTEMPATH\CodeIgniter.php(361): CodeIgniter\CodeIgniter->handleRequest(null, Object(Config\Cache), false)
 9 FCPATH\index.php(88): CodeIgniter\CodeIgniter->run()
CRITICAL - 2024-02-19 03:59:14 --> [Caused by] CodeIgniter\Database\Exceptions\DatabaseException: Cannot add or update a child row: a foreign key constraint fails (`anahaw`.`order_items`, CONSTRAINT `asdasd` FOREIGN KEY (`order_id`) REFERENCES `orders` (`id`) ON DELETE CASCADE ON UPDATE CASCADE)
in SYSTEMPATH\Database\MySQLi\Connection.php on line 311.
 1 SYSTEMPATH\Database\BaseConnection.php(693): CodeIgniter\Database\MySQLi\Connection->execute('INSERT INTO `order_items` (`order_id`, `menu_item`, `quantity`, `subtotal`) VALUES (481, \'Pale Pilsen\', 1, \'65.00\')')
 2 SYSTEMPATH\Database\BaseConnection.php(607): CodeIgniter\Database\BaseConnection->simpleQuery('INSERT INTO `order_items` (`order_id`, `menu_item`, `quantity`, `subtotal`) VALUES (481, \'Pale Pilsen\', 1, \'65.00\')')
 3 SYSTEMPATH\Database\BaseBuilder.php(2307): CodeIgniter\Database\BaseConnection->query('INSERT INTO `order_items` (`order_id`, `menu_item`, `quantity`, `subtotal`) VALUES (:order_id:, :menu_item:, :quantity:, :subtotal:)', [...], false)
 4 SYSTEMPATH\Model.php(326): CodeIgniter\Database\BaseBuilder->insert()
 5 SYSTEMPATH\BaseModel.php(802): CodeIgniter\Model->doInsert([...])
 6 SYSTEMPATH\Model.php(744): CodeIgniter\BaseModel->insert([...], true)
 7 APPPATH\Controllers\OrderController.php(113): CodeIgniter\Model->insert([...])
 8 SYSTEMPATH\CodeIgniter.php(941): App\Controllers\OrderController->addItemToOrder()
 9 SYSTEMPATH\CodeIgniter.php(502): CodeIgniter\CodeIgniter->runController(Object(App\Controllers\OrderController))
10 SYSTEMPATH\CodeIgniter.php(361): CodeIgniter\CodeIgniter->handleRequest(null, Object(Config\Cache), false)
11 FCPATH\index.php(88): CodeIgniter\CodeIgniter->run()
CRITICAL - 2024-02-19 03:59:14 --> [Caused by] mysqli_sql_exception: Cannot add or update a child row: a foreign key constraint fails (`anahaw`.`order_items`, CONSTRAINT `asdasd` FOREIGN KEY (`order_id`) REFERENCES `orders` (`id`) ON DELETE CASCADE ON UPDATE CASCADE)
in SYSTEMPATH\Database\MySQLi\Connection.php on line 306.
 1 SYSTEMPATH\Database\MySQLi\Connection.php(306): mysqli->query('INSERT INTO `order_items` (`order_id`, `menu_item`, `quantity`, `subtotal`) VALUES (481, \'Pale Pilsen\', 1, \'65.00\')', 0)
 2 SYSTEMPATH\Database\BaseConnection.php(693): CodeIgniter\Database\MySQLi\Connection->execute('INSERT INTO `order_items` (`order_id`, `menu_item`, `quantity`, `subtotal`) VALUES (481, \'Pale Pilsen\', 1, \'65.00\')')
 3 SYSTEMPATH\Database\BaseConnection.php(607): CodeIgniter\Database\BaseConnection->simpleQuery('INSERT INTO `order_items` (`order_id`, `menu_item`, `quantity`, `subtotal`) VALUES (481, \'Pale Pilsen\', 1, \'65.00\')')
 4 SYSTEMPATH\Database\BaseBuilder.php(2307): CodeIgniter\Database\BaseConnection->query('INSERT INTO `order_items` (`order_id`, `menu_item`, `quantity`, `subtotal`) VALUES (:order_id:, :menu_item:, :quantity:, :subtotal:)', [...], false)
 5 SYSTEMPATH\Model.php(326): CodeIgniter\Database\BaseBuilder->insert()
 6 SYSTEMPATH\BaseModel.php(802): CodeIgniter\Model->doInsert([...])
 7 SYSTEMPATH\Model.php(744): CodeIgniter\BaseModel->insert([...], true)
 8 APPPATH\Controllers\OrderController.php(113): CodeIgniter\Model->insert([...])
 9 SYSTEMPATH\CodeIgniter.php(941): App\Controllers\OrderController->addItemToOrder()
10 SYSTEMPATH\CodeIgniter.php(502): CodeIgniter\CodeIgniter->runController(Object(App\Controllers\OrderController))
11 SYSTEMPATH\CodeIgniter.php(361): CodeIgniter\CodeIgniter->handleRequest(null, Object(Config\Cache), false)
12 FCPATH\index.php(88): CodeIgniter\CodeIgniter->run()
ERROR - 2024-02-19 04:00:16 --> mysqli_sql_exception: Cannot add or update a child row: a foreign key constraint fails (`anahaw`.`order_items`, CONSTRAINT `asdasd` FOREIGN KEY (`order_id`) REFERENCES `orders` (`id`) ON DELETE CASCADE ON UPDATE CASCADE) in C:\laragon\www\Capstone\Backend\system\Database\MySQLi\Connection.php:306
Stack trace:
#0 C:\laragon\www\Capstone\Backend\system\Database\MySQLi\Connection.php(306): mysqli->query('INSERT INTO `or...', 0)
#1 C:\laragon\www\Capstone\Backend\system\Database\BaseConnection.php(693): CodeIgniter\Database\MySQLi\Connection->execute('INSERT INTO `or...')
#2 C:\laragon\www\Capstone\Backend\system\Database\BaseConnection.php(607): CodeIgniter\Database\BaseConnection->simpleQuery('INSERT INTO `or...')
#3 C:\laragon\www\Capstone\Backend\system\Database\BaseBuilder.php(2307): CodeIgniter\Database\BaseConnection->query('INSERT INTO `or...', Array, false)
#4 C:\laragon\www\Capstone\Backend\system\Model.php(326): CodeIgniter\Database\BaseBuilder->insert()
#5 C:\laragon\www\Capstone\Backend\system\BaseModel.php(802): CodeIgniter\Model->doInsert(Array)
#6 C:\laragon\www\Capstone\Backend\system\Model.php(744): CodeIgniter\BaseModel->insert(Array, true)
#7 C:\laragon\www\Capstone\Backend\app\Controllers\OrderController.php(113): CodeIgniter\Model->insert(Array)
#8 C:\laragon\www\Capstone\Backend\system\CodeIgniter.php(941): App\Controllers\OrderController->addItemToOrder()
#9 C:\laragon\www\Capstone\Backend\system\CodeIgniter.php(502): CodeIgniter\CodeIgniter->runController(Object(App\Controllers\OrderController))
#10 C:\laragon\www\Capstone\Backend\system\CodeIgniter.php(361): CodeIgniter\CodeIgniter->handleRequest(NULL, Object(Config\Cache), false)
#11 C:\laragon\www\Capstone\Backend\public\index.php(88): CodeIgniter\CodeIgniter->run()
#12 {main}
CRITICAL - 2024-02-19 04:00:16 --> CodeIgniter\Database\Exceptions\DatabaseException: Cannot add or update a child row: a foreign key constraint fails (`anahaw`.`order_items`, CONSTRAINT `asdasd` FOREIGN KEY (`order_id`) REFERENCES `orders` (`id`) ON DELETE CASCADE ON UPDATE CASCADE)
in SYSTEMPATH\Database\BaseConnection.php on line 647.
 1 SYSTEMPATH\Database\BaseBuilder.php(2307): CodeIgniter\Database\BaseConnection->query('INSERT INTO `order_items` (`order_id`, `menu_item`, `quantity`, `subtotal`) VALUES (:order_id:, :menu_item:, :quantity:, :subtotal:)', [...], false)
 2 SYSTEMPATH\Model.php(326): CodeIgniter\Database\BaseBuilder->insert()
 3 SYSTEMPATH\BaseModel.php(802): CodeIgniter\Model->doInsert([...])
 4 SYSTEMPATH\Model.php(744): CodeIgniter\BaseModel->insert([...], true)
 5 APPPATH\Controllers\OrderController.php(113): CodeIgniter\Model->insert([...])
 6 SYSTEMPATH\CodeIgniter.php(941): App\Controllers\OrderController->addItemToOrder()
 7 SYSTEMPATH\CodeIgniter.php(502): CodeIgniter\CodeIgniter->runController(Object(App\Controllers\OrderController))
 8 SYSTEMPATH\CodeIgniter.php(361): CodeIgniter\CodeIgniter->handleRequest(null, Object(Config\Cache), false)
 9 FCPATH\index.php(88): CodeIgniter\CodeIgniter->run()
CRITICAL - 2024-02-19 04:00:16 --> [Caused by] CodeIgniter\Database\Exceptions\DatabaseException: Cannot add or update a child row: a foreign key constraint fails (`anahaw`.`order_items`, CONSTRAINT `asdasd` FOREIGN KEY (`order_id`) REFERENCES `orders` (`id`) ON DELETE CASCADE ON UPDATE CASCADE)
in SYSTEMPATH\Database\MySQLi\Connection.php on line 311.
 1 SYSTEMPATH\Database\BaseConnection.php(693): CodeIgniter\Database\MySQLi\Connection->execute('INSERT INTO `order_items` (`order_id`, `menu_item`, `quantity`, `subtotal`) VALUES (483, \'Pale Pilsen\', 1, \'65.00\')')
 2 SYSTEMPATH\Database\BaseConnection.php(607): CodeIgniter\Database\BaseConnection->simpleQuery('INSERT INTO `order_items` (`order_id`, `menu_item`, `quantity`, `subtotal`) VALUES (483, \'Pale Pilsen\', 1, \'65.00\')')
 3 SYSTEMPATH\Database\BaseBuilder.php(2307): CodeIgniter\Database\BaseConnection->query('INSERT INTO `order_items` (`order_id`, `menu_item`, `quantity`, `subtotal`) VALUES (:order_id:, :menu_item:, :quantity:, :subtotal:)', [...], false)
 4 SYSTEMPATH\Model.php(326): CodeIgniter\Database\BaseBuilder->insert()
 5 SYSTEMPATH\BaseModel.php(802): CodeIgniter\Model->doInsert([...])
 6 SYSTEMPATH\Model.php(744): CodeIgniter\BaseModel->insert([...], true)
 7 APPPATH\Controllers\OrderController.php(113): CodeIgniter\Model->insert([...])
 8 SYSTEMPATH\CodeIgniter.php(941): App\Controllers\OrderController->addItemToOrder()
 9 SYSTEMPATH\CodeIgniter.php(502): CodeIgniter\CodeIgniter->runController(Object(App\Controllers\OrderController))
10 SYSTEMPATH\CodeIgniter.php(361): CodeIgniter\CodeIgniter->handleRequest(null, Object(Config\Cache), false)
11 FCPATH\index.php(88): CodeIgniter\CodeIgniter->run()
CRITICAL - 2024-02-19 04:00:16 --> [Caused by] mysqli_sql_exception: Cannot add or update a child row: a foreign key constraint fails (`anahaw`.`order_items`, CONSTRAINT `asdasd` FOREIGN KEY (`order_id`) REFERENCES `orders` (`id`) ON DELETE CASCADE ON UPDATE CASCADE)
in SYSTEMPATH\Database\MySQLi\Connection.php on line 306.
 1 SYSTEMPATH\Database\MySQLi\Connection.php(306): mysqli->query('INSERT INTO `order_items` (`order_id`, `menu_item`, `quantity`, `subtotal`) VALUES (483, \'Pale Pilsen\', 1, \'65.00\')', 0)
 2 SYSTEMPATH\Database\BaseConnection.php(693): CodeIgniter\Database\MySQLi\Connection->execute('INSERT INTO `order_items` (`order_id`, `menu_item`, `quantity`, `subtotal`) VALUES (483, \'Pale Pilsen\', 1, \'65.00\')')
 3 SYSTEMPATH\Database\BaseConnection.php(607): CodeIgniter\Database\BaseConnection->simpleQuery('INSERT INTO `order_items` (`order_id`, `menu_item`, `quantity`, `subtotal`) VALUES (483, \'Pale Pilsen\', 1, \'65.00\')')
 4 SYSTEMPATH\Database\BaseBuilder.php(2307): CodeIgniter\Database\BaseConnection->query('INSERT INTO `order_items` (`order_id`, `menu_item`, `quantity`, `subtotal`) VALUES (:order_id:, :menu_item:, :quantity:, :subtotal:)', [...], false)
 5 SYSTEMPATH\Model.php(326): CodeIgniter\Database\BaseBuilder->insert()
 6 SYSTEMPATH\BaseModel.php(802): CodeIgniter\Model->doInsert([...])
 7 SYSTEMPATH\Model.php(744): CodeIgniter\BaseModel->insert([...], true)
 8 APPPATH\Controllers\OrderController.php(113): CodeIgniter\Model->insert([...])
 9 SYSTEMPATH\CodeIgniter.php(941): App\Controllers\OrderController->addItemToOrder()
10 SYSTEMPATH\CodeIgniter.php(502): CodeIgniter\CodeIgniter->runController(Object(App\Controllers\OrderController))
11 SYSTEMPATH\CodeIgniter.php(361): CodeIgniter\CodeIgniter->handleRequest(null, Object(Config\Cache), false)
12 FCPATH\index.php(88): CodeIgniter\CodeIgniter->run()
ERROR - 2024-02-19 04:00:20 --> mysqli_sql_exception: Cannot add or update a child row: a foreign key constraint fails (`anahaw`.`order_items`, CONSTRAINT `asdasd` FOREIGN KEY (`order_id`) REFERENCES `orders` (`id`) ON DELETE CASCADE ON UPDATE CASCADE) in C:\laragon\www\Capstone\Backend\system\Database\MySQLi\Connection.php:306
Stack trace:
#0 C:\laragon\www\Capstone\Backend\system\Database\MySQLi\Connection.php(306): mysqli->query('INSERT INTO `or...', 0)
#1 C:\laragon\www\Capstone\Backend\system\Database\BaseConnection.php(693): CodeIgniter\Database\MySQLi\Connection->execute('INSERT INTO `or...')
#2 C:\laragon\www\Capstone\Backend\system\Database\BaseConnection.php(607): CodeIgniter\Database\BaseConnection->simpleQuery('INSERT INTO `or...')
#3 C:\laragon\www\Capstone\Backend\system\Database\BaseBuilder.php(2307): CodeIgniter\Database\BaseConnection->query('INSERT INTO `or...', Array, false)
#4 C:\laragon\www\Capstone\Backend\system\Model.php(326): CodeIgniter\Database\BaseBuilder->insert()
#5 C:\laragon\www\Capstone\Backend\system\BaseModel.php(802): CodeIgniter\Model->doInsert(Array)
#6 C:\laragon\www\Capstone\Backend\system\Model.php(744): CodeIgniter\BaseModel->insert(Array, true)
#7 C:\laragon\www\Capstone\Backend\app\Controllers\OrderController.php(113): CodeIgniter\Model->insert(Array)
#8 C:\laragon\www\Capstone\Backend\system\CodeIgniter.php(941): App\Controllers\OrderController->addItemToOrder()
#9 C:\laragon\www\Capstone\Backend\system\CodeIgniter.php(502): CodeIgniter\CodeIgniter->runController(Object(App\Controllers\OrderController))
#10 C:\laragon\www\Capstone\Backend\system\CodeIgniter.php(361): CodeIgniter\CodeIgniter->handleRequest(NULL, Object(Config\Cache), false)
#11 C:\laragon\www\Capstone\Backend\public\index.php(88): CodeIgniter\CodeIgniter->run()
#12 {main}
CRITICAL - 2024-02-19 04:00:20 --> CodeIgniter\Database\Exceptions\DatabaseException: Cannot add or update a child row: a foreign key constraint fails (`anahaw`.`order_items`, CONSTRAINT `asdasd` FOREIGN KEY (`order_id`) REFERENCES `orders` (`id`) ON DELETE CASCADE ON UPDATE CASCADE)
in SYSTEMPATH\Database\BaseConnection.php on line 647.
 1 SYSTEMPATH\Database\BaseBuilder.php(2307): CodeIgniter\Database\BaseConnection->query('INSERT INTO `order_items` (`order_id`, `menu_item`, `quantity`, `subtotal`) VALUES (:order_id:, :menu_item:, :quantity:, :subtotal:)', [...], false)
 2 SYSTEMPATH\Model.php(326): CodeIgniter\Database\BaseBuilder->insert()
 3 SYSTEMPATH\BaseModel.php(802): CodeIgniter\Model->doInsert([...])
 4 SYSTEMPATH\Model.php(744): CodeIgniter\BaseModel->insert([...], true)
 5 APPPATH\Controllers\OrderController.php(113): CodeIgniter\Model->insert([...])
 6 SYSTEMPATH\CodeIgniter.php(941): App\Controllers\OrderController->addItemToOrder()
 7 SYSTEMPATH\CodeIgniter.php(502): CodeIgniter\CodeIgniter->runController(Object(App\Controllers\OrderController))
 8 SYSTEMPATH\CodeIgniter.php(361): CodeIgniter\CodeIgniter->handleRequest(null, Object(Config\Cache), false)
 9 FCPATH\index.php(88): CodeIgniter\CodeIgniter->run()
CRITICAL - 2024-02-19 04:00:20 --> [Caused by] CodeIgniter\Database\Exceptions\DatabaseException: Cannot add or update a child row: a foreign key constraint fails (`anahaw`.`order_items`, CONSTRAINT `asdasd` FOREIGN KEY (`order_id`) REFERENCES `orders` (`id`) ON DELETE CASCADE ON UPDATE CASCADE)
in SYSTEMPATH\Database\MySQLi\Connection.php on line 311.
 1 SYSTEMPATH\Database\BaseConnection.php(693): CodeIgniter\Database\MySQLi\Connection->execute('INSERT INTO `order_items` (`order_id`, `menu_item`, `quantity`, `subtotal`) VALUES (483, \'Pale Pilsen\', 1, \'65.00\')')
 2 SYSTEMPATH\Database\BaseConnection.php(607): CodeIgniter\Database\BaseConnection->simpleQuery('INSERT INTO `order_items` (`order_id`, `menu_item`, `quantity`, `subtotal`) VALUES (483, \'Pale Pilsen\', 1, \'65.00\')')
 3 SYSTEMPATH\Database\BaseBuilder.php(2307): CodeIgniter\Database\BaseConnection->query('INSERT INTO `order_items` (`order_id`, `menu_item`, `quantity`, `subtotal`) VALUES (:order_id:, :menu_item:, :quantity:, :subtotal:)', [...], false)
 4 SYSTEMPATH\Model.php(326): CodeIgniter\Database\BaseBuilder->insert()
 5 SYSTEMPATH\BaseModel.php(802): CodeIgniter\Model->doInsert([...])
 6 SYSTEMPATH\Model.php(744): CodeIgniter\BaseModel->insert([...], true)
 7 APPPATH\Controllers\OrderController.php(113): CodeIgniter\Model->insert([...])
 8 SYSTEMPATH\CodeIgniter.php(941): App\Controllers\OrderController->addItemToOrder()
 9 SYSTEMPATH\CodeIgniter.php(502): CodeIgniter\CodeIgniter->runController(Object(App\Controllers\OrderController))
10 SYSTEMPATH\CodeIgniter.php(361): CodeIgniter\CodeIgniter->handleRequest(null, Object(Config\Cache), false)
11 FCPATH\index.php(88): CodeIgniter\CodeIgniter->run()
CRITICAL - 2024-02-19 04:00:20 --> [Caused by] mysqli_sql_exception: Cannot add or update a child row: a foreign key constraint fails (`anahaw`.`order_items`, CONSTRAINT `asdasd` FOREIGN KEY (`order_id`) REFERENCES `orders` (`id`) ON DELETE CASCADE ON UPDATE CASCADE)
in SYSTEMPATH\Database\MySQLi\Connection.php on line 306.
 1 SYSTEMPATH\Database\MySQLi\Connection.php(306): mysqli->query('INSERT INTO `order_items` (`order_id`, `menu_item`, `quantity`, `subtotal`) VALUES (483, \'Pale Pilsen\', 1, \'65.00\')', 0)
 2 SYSTEMPATH\Database\BaseConnection.php(693): CodeIgniter\Database\MySQLi\Connection->execute('INSERT INTO `order_items` (`order_id`, `menu_item`, `quantity`, `subtotal`) VALUES (483, \'Pale Pilsen\', 1, \'65.00\')')
 3 SYSTEMPATH\Database\BaseConnection.php(607): CodeIgniter\Database\BaseConnection->simpleQuery('INSERT INTO `order_items` (`order_id`, `menu_item`, `quantity`, `subtotal`) VALUES (483, \'Pale Pilsen\', 1, \'65.00\')')
 4 SYSTEMPATH\Database\BaseBuilder.php(2307): CodeIgniter\Database\BaseConnection->query('INSERT INTO `order_items` (`order_id`, `menu_item`, `quantity`, `subtotal`) VALUES (:order_id:, :menu_item:, :quantity:, :subtotal:)', [...], false)
 5 SYSTEMPATH\Model.php(326): CodeIgniter\Database\BaseBuilder->insert()
 6 SYSTEMPATH\BaseModel.php(802): CodeIgniter\Model->doInsert([...])
 7 SYSTEMPATH\Model.php(744): CodeIgniter\BaseModel->insert([...], true)
 8 APPPATH\Controllers\OrderController.php(113): CodeIgniter\Model->insert([...])
 9 SYSTEMPATH\CodeIgniter.php(941): App\Controllers\OrderController->addItemToOrder()
10 SYSTEMPATH\CodeIgniter.php(502): CodeIgniter\CodeIgniter->runController(Object(App\Controllers\OrderController))
11 SYSTEMPATH\CodeIgniter.php(361): CodeIgniter\CodeIgniter->handleRequest(null, Object(Config\Cache), false)
12 FCPATH\index.php(88): CodeIgniter\CodeIgniter->run()
ERROR - 2024-02-19 04:00:25 --> mysqli_sql_exception: Cannot add or update a child row: a foreign key constraint fails (`anahaw`.`order_items`, CONSTRAINT `asdasd` FOREIGN KEY (`order_id`) REFERENCES `orders` (`id`) ON DELETE CASCADE ON UPDATE CASCADE) in C:\laragon\www\Capstone\Backend\system\Database\MySQLi\Connection.php:306
Stack trace:
#0 C:\laragon\www\Capstone\Backend\system\Database\MySQLi\Connection.php(306): mysqli->query('INSERT INTO `or...', 0)
#1 C:\laragon\www\Capstone\Backend\system\Database\BaseConnection.php(693): CodeIgniter\Database\MySQLi\Connection->execute('INSERT INTO `or...')
#2 C:\laragon\www\Capstone\Backend\system\Database\BaseConnection.php(607): CodeIgniter\Database\BaseConnection->simpleQuery('INSERT INTO `or...')
#3 C:\laragon\www\Capstone\Backend\system\Database\BaseBuilder.php(2307): CodeIgniter\Database\BaseConnection->query('INSERT INTO `or...', Array, false)
#4 C:\laragon\www\Capstone\Backend\system\Model.php(326): CodeIgniter\Database\BaseBuilder->insert()
#5 C:\laragon\www\Capstone\Backend\system\BaseModel.php(802): CodeIgniter\Model->doInsert(Array)
#6 C:\laragon\www\Capstone\Backend\system\Model.php(744): CodeIgniter\BaseModel->insert(Array, true)
#7 C:\laragon\www\Capstone\Backend\app\Controllers\OrderController.php(113): CodeIgniter\Model->insert(Array)
#8 C:\laragon\www\Capstone\Backend\system\CodeIgniter.php(941): App\Controllers\OrderController->addItemToOrder()
#9 C:\laragon\www\Capstone\Backend\system\CodeIgniter.php(502): CodeIgniter\CodeIgniter->runController(Object(App\Controllers\OrderController))
#10 C:\laragon\www\Capstone\Backend\system\CodeIgniter.php(361): CodeIgniter\CodeIgniter->handleRequest(NULL, Object(Config\Cache), false)
#11 C:\laragon\www\Capstone\Backend\public\index.php(88): CodeIgniter\CodeIgniter->run()
#12 {main}
CRITICAL - 2024-02-19 04:00:25 --> CodeIgniter\Database\Exceptions\DatabaseException: Cannot add or update a child row: a foreign key constraint fails (`anahaw`.`order_items`, CONSTRAINT `asdasd` FOREIGN KEY (`order_id`) REFERENCES `orders` (`id`) ON DELETE CASCADE ON UPDATE CASCADE)
in SYSTEMPATH\Database\BaseConnection.php on line 647.
 1 SYSTEMPATH\Database\BaseBuilder.php(2307): CodeIgniter\Database\BaseConnection->query('INSERT INTO `order_items` (`order_id`, `menu_item`, `quantity`, `subtotal`) VALUES (:order_id:, :menu_item:, :quantity:, :subtotal:)', [...], false)
 2 SYSTEMPATH\Model.php(326): CodeIgniter\Database\BaseBuilder->insert()
 3 SYSTEMPATH\BaseModel.php(802): CodeIgniter\Model->doInsert([...])
 4 SYSTEMPATH\Model.php(744): CodeIgniter\BaseModel->insert([...], true)
 5 APPPATH\Controllers\OrderController.php(113): CodeIgniter\Model->insert([...])
 6 SYSTEMPATH\CodeIgniter.php(941): App\Controllers\OrderController->addItemToOrder()
 7 SYSTEMPATH\CodeIgniter.php(502): CodeIgniter\CodeIgniter->runController(Object(App\Controllers\OrderController))
 8 SYSTEMPATH\CodeIgniter.php(361): CodeIgniter\CodeIgniter->handleRequest(null, Object(Config\Cache), false)
 9 FCPATH\index.php(88): CodeIgniter\CodeIgniter->run()
CRITICAL - 2024-02-19 04:00:25 --> [Caused by] CodeIgniter\Database\Exceptions\DatabaseException: Cannot add or update a child row: a foreign key constraint fails (`anahaw`.`order_items`, CONSTRAINT `asdasd` FOREIGN KEY (`order_id`) REFERENCES `orders` (`id`) ON DELETE CASCADE ON UPDATE CASCADE)
in SYSTEMPATH\Database\MySQLi\Connection.php on line 311.
 1 SYSTEMPATH\Database\BaseConnection.php(693): CodeIgniter\Database\MySQLi\Connection->execute('INSERT INTO `order_items` (`order_id`, `menu_item`, `quantity`, `subtotal`) VALUES (483, \'Pale Pilsen\', 1, \'65.00\')')
 2 SYSTEMPATH\Database\BaseConnection.php(607): CodeIgniter\Database\BaseConnection->simpleQuery('INSERT INTO `order_items` (`order_id`, `menu_item`, `quantity`, `subtotal`) VALUES (483, \'Pale Pilsen\', 1, \'65.00\')')
 3 SYSTEMPATH\Database\BaseBuilder.php(2307): CodeIgniter\Database\BaseConnection->query('INSERT INTO `order_items` (`order_id`, `menu_item`, `quantity`, `subtotal`) VALUES (:order_id:, :menu_item:, :quantity:, :subtotal:)', [...], false)
 4 SYSTEMPATH\Model.php(326): CodeIgniter\Database\BaseBuilder->insert()
 5 SYSTEMPATH\BaseModel.php(802): CodeIgniter\Model->doInsert([...])
 6 SYSTEMPATH\Model.php(744): CodeIgniter\BaseModel->insert([...], true)
 7 APPPATH\Controllers\OrderController.php(113): CodeIgniter\Model->insert([...])
 8 SYSTEMPATH\CodeIgniter.php(941): App\Controllers\OrderController->addItemToOrder()
 9 SYSTEMPATH\CodeIgniter.php(502): CodeIgniter\CodeIgniter->runController(Object(App\Controllers\OrderController))
10 SYSTEMPATH\CodeIgniter.php(361): CodeIgniter\CodeIgniter->handleRequest(null, Object(Config\Cache), false)
11 FCPATH\index.php(88): CodeIgniter\CodeIgniter->run()
CRITICAL - 2024-02-19 04:00:25 --> [Caused by] mysqli_sql_exception: Cannot add or update a child row: a foreign key constraint fails (`anahaw`.`order_items`, CONSTRAINT `asdasd` FOREIGN KEY (`order_id`) REFERENCES `orders` (`id`) ON DELETE CASCADE ON UPDATE CASCADE)
in SYSTEMPATH\Database\MySQLi\Connection.php on line 306.
 1 SYSTEMPATH\Database\MySQLi\Connection.php(306): mysqli->query('INSERT INTO `order_items` (`order_id`, `menu_item`, `quantity`, `subtotal`) VALUES (483, \'Pale Pilsen\', 1, \'65.00\')', 0)
 2 SYSTEMPATH\Database\BaseConnection.php(693): CodeIgniter\Database\MySQLi\Connection->execute('INSERT INTO `order_items` (`order_id`, `menu_item`, `quantity`, `subtotal`) VALUES (483, \'Pale Pilsen\', 1, \'65.00\')')
 3 SYSTEMPATH\Database\BaseConnection.php(607): CodeIgniter\Database\BaseConnection->simpleQuery('INSERT INTO `order_items` (`order_id`, `menu_item`, `quantity`, `subtotal`) VALUES (483, \'Pale Pilsen\', 1, \'65.00\')')
 4 SYSTEMPATH\Database\BaseBuilder.php(2307): CodeIgniter\Database\BaseConnection->query('INSERT INTO `order_items` (`order_id`, `menu_item`, `quantity`, `subtotal`) VALUES (:order_id:, :menu_item:, :quantity:, :subtotal:)', [...], false)
 5 SYSTEMPATH\Model.php(326): CodeIgniter\Database\BaseBuilder->insert()
 6 SYSTEMPATH\BaseModel.php(802): CodeIgniter\Model->doInsert([...])
 7 SYSTEMPATH\Model.php(744): CodeIgniter\BaseModel->insert([...], true)
 8 APPPATH\Controllers\OrderController.php(113): CodeIgniter\Model->insert([...])
 9 SYSTEMPATH\CodeIgniter.php(941): App\Controllers\OrderController->addItemToOrder()
10 SYSTEMPATH\CodeIgniter.php(502): CodeIgniter\CodeIgniter->runController(Object(App\Controllers\OrderController))
11 SYSTEMPATH\CodeIgniter.php(361): CodeIgniter\CodeIgniter->handleRequest(null, Object(Config\Cache), false)
12 FCPATH\index.php(88): CodeIgniter\CodeIgniter->run()
ERROR - 2024-02-19 04:01:33 --> mysqli_sql_exception: Cannot add or update a child row: a foreign key constraint fails (`anahaw`.`order_items`, CONSTRAINT `asdasd` FOREIGN KEY (`order_id`) REFERENCES `orders` (`id`) ON DELETE CASCADE ON UPDATE CASCADE) in C:\laragon\www\Capstone\Backend\system\Database\MySQLi\Connection.php:306
Stack trace:
#0 C:\laragon\www\Capstone\Backend\system\Database\MySQLi\Connection.php(306): mysqli->query('INSERT INTO `or...', 0)
#1 C:\laragon\www\Capstone\Backend\system\Database\BaseConnection.php(693): CodeIgniter\Database\MySQLi\Connection->execute('INSERT INTO `or...')
#2 C:\laragon\www\Capstone\Backend\system\Database\BaseConnection.php(607): CodeIgniter\Database\BaseConnection->simpleQuery('INSERT INTO `or...')
#3 C:\laragon\www\Capstone\Backend\system\Database\BaseBuilder.php(2307): CodeIgniter\Database\BaseConnection->query('INSERT INTO `or...', Array, false)
#4 C:\laragon\www\Capstone\Backend\system\Model.php(326): CodeIgniter\Database\BaseBuilder->insert()
#5 C:\laragon\www\Capstone\Backend\system\BaseModel.php(802): CodeIgniter\Model->doInsert(Array)
#6 C:\laragon\www\Capstone\Backend\system\Model.php(744): CodeIgniter\BaseModel->insert(Array, true)
#7 C:\laragon\www\Capstone\Backend\app\Controllers\OrderController.php(113): CodeIgniter\Model->insert(Array)
#8 C:\laragon\www\Capstone\Backend\system\CodeIgniter.php(941): App\Controllers\OrderController->addItemToOrder()
#9 C:\laragon\www\Capstone\Backend\system\CodeIgniter.php(502): CodeIgniter\CodeIgniter->runController(Object(App\Controllers\OrderController))
#10 C:\laragon\www\Capstone\Backend\system\CodeIgniter.php(361): CodeIgniter\CodeIgniter->handleRequest(NULL, Object(Config\Cache), false)
#11 C:\laragon\www\Capstone\Backend\public\index.php(88): CodeIgniter\CodeIgniter->run()
#12 {main}
CRITICAL - 2024-02-19 04:01:33 --> CodeIgniter\Database\Exceptions\DatabaseException: Cannot add or update a child row: a foreign key constraint fails (`anahaw`.`order_items`, CONSTRAINT `asdasd` FOREIGN KEY (`order_id`) REFERENCES `orders` (`id`) ON DELETE CASCADE ON UPDATE CASCADE)
in SYSTEMPATH\Database\BaseConnection.php on line 647.
 1 SYSTEMPATH\Database\BaseBuilder.php(2307): CodeIgniter\Database\BaseConnection->query('INSERT INTO `order_items` (`order_id`, `menu_item`, `quantity`, `subtotal`) VALUES (:order_id:, :menu_item:, :quantity:, :subtotal:)', [...], false)
 2 SYSTEMPATH\Model.php(326): CodeIgniter\Database\BaseBuilder->insert()
 3 SYSTEMPATH\BaseModel.php(802): CodeIgniter\Model->doInsert([...])
 4 SYSTEMPATH\Model.php(744): CodeIgniter\BaseModel->insert([...], true)
 5 APPPATH\Controllers\OrderController.php(113): CodeIgniter\Model->insert([...])
 6 SYSTEMPATH\CodeIgniter.php(941): App\Controllers\OrderController->addItemToOrder()
 7 SYSTEMPATH\CodeIgniter.php(502): CodeIgniter\CodeIgniter->runController(Object(App\Controllers\OrderController))
 8 SYSTEMPATH\CodeIgniter.php(361): CodeIgniter\CodeIgniter->handleRequest(null, Object(Config\Cache), false)
 9 FCPATH\index.php(88): CodeIgniter\CodeIgniter->run()
CRITICAL - 2024-02-19 04:01:33 --> [Caused by] CodeIgniter\Database\Exceptions\DatabaseException: Cannot add or update a child row: a foreign key constraint fails (`anahaw`.`order_items`, CONSTRAINT `asdasd` FOREIGN KEY (`order_id`) REFERENCES `orders` (`id`) ON DELETE CASCADE ON UPDATE CASCADE)
in SYSTEMPATH\Database\MySQLi\Connection.php on line 311.
 1 SYSTEMPATH\Database\BaseConnection.php(693): CodeIgniter\Database\MySQLi\Connection->execute('INSERT INTO `order_items` (`order_id`, `menu_item`, `quantity`, `subtotal`) VALUES (487, \'Pale Pilsen\', 1, \'65.00\')')
 2 SYSTEMPATH\Database\BaseConnection.php(607): CodeIgniter\Database\BaseConnection->simpleQuery('INSERT INTO `order_items` (`order_id`, `menu_item`, `quantity`, `subtotal`) VALUES (487, \'Pale Pilsen\', 1, \'65.00\')')
 3 SYSTEMPATH\Database\BaseBuilder.php(2307): CodeIgniter\Database\BaseConnection->query('INSERT INTO `order_items` (`order_id`, `menu_item`, `quantity`, `subtotal`) VALUES (:order_id:, :menu_item:, :quantity:, :subtotal:)', [...], false)
 4 SYSTEMPATH\Model.php(326): CodeIgniter\Database\BaseBuilder->insert()
 5 SYSTEMPATH\BaseModel.php(802): CodeIgniter\Model->doInsert([...])
 6 SYSTEMPATH\Model.php(744): CodeIgniter\BaseModel->insert([...], true)
 7 APPPATH\Controllers\OrderController.php(113): CodeIgniter\Model->insert([...])
 8 SYSTEMPATH\CodeIgniter.php(941): App\Controllers\OrderController->addItemToOrder()
 9 SYSTEMPATH\CodeIgniter.php(502): CodeIgniter\CodeIgniter->runController(Object(App\Controllers\OrderController))
10 SYSTEMPATH\CodeIgniter.php(361): CodeIgniter\CodeIgniter->handleRequest(null, Object(Config\Cache), false)
11 FCPATH\index.php(88): CodeIgniter\CodeIgniter->run()
CRITICAL - 2024-02-19 04:01:33 --> [Caused by] mysqli_sql_exception: Cannot add or update a child row: a foreign key constraint fails (`anahaw`.`order_items`, CONSTRAINT `asdasd` FOREIGN KEY (`order_id`) REFERENCES `orders` (`id`) ON DELETE CASCADE ON UPDATE CASCADE)
in SYSTEMPATH\Database\MySQLi\Connection.php on line 306.
 1 SYSTEMPATH\Database\MySQLi\Connection.php(306): mysqli->query('INSERT INTO `order_items` (`order_id`, `menu_item`, `quantity`, `subtotal`) VALUES (487, \'Pale Pilsen\', 1, \'65.00\')', 0)
 2 SYSTEMPATH\Database\BaseConnection.php(693): CodeIgniter\Database\MySQLi\Connection->execute('INSERT INTO `order_items` (`order_id`, `menu_item`, `quantity`, `subtotal`) VALUES (487, \'Pale Pilsen\', 1, \'65.00\')')
 3 SYSTEMPATH\Database\BaseConnection.php(607): CodeIgniter\Database\BaseConnection->simpleQuery('INSERT INTO `order_items` (`order_id`, `menu_item`, `quantity`, `subtotal`) VALUES (487, \'Pale Pilsen\', 1, \'65.00\')')
 4 SYSTEMPATH\Database\BaseBuilder.php(2307): CodeIgniter\Database\BaseConnection->query('INSERT INTO `order_items` (`order_id`, `menu_item`, `quantity`, `subtotal`) VALUES (:order_id:, :menu_item:, :quantity:, :subtotal:)', [...], false)
 5 SYSTEMPATH\Model.php(326): CodeIgniter\Database\BaseBuilder->insert()
 6 SYSTEMPATH\BaseModel.php(802): CodeIgniter\Model->doInsert([...])
 7 SYSTEMPATH\Model.php(744): CodeIgniter\BaseModel->insert([...], true)
 8 APPPATH\Controllers\OrderController.php(113): CodeIgniter\Model->insert([...])
 9 SYSTEMPATH\CodeIgniter.php(941): App\Controllers\OrderController->addItemToOrder()
10 SYSTEMPATH\CodeIgniter.php(502): CodeIgniter\CodeIgniter->runController(Object(App\Controllers\OrderController))
11 SYSTEMPATH\CodeIgniter.php(361): CodeIgniter\CodeIgniter->handleRequest(null, Object(Config\Cache), false)
12 FCPATH\index.php(88): CodeIgniter\CodeIgniter->run()
ERROR - 2024-02-19 04:01:44 --> mysqli_sql_exception: Cannot add or update a child row: a foreign key constraint fails (`anahaw`.`order_items`, CONSTRAINT `asdasd` FOREIGN KEY (`order_id`) REFERENCES `orders` (`id`) ON DELETE CASCADE ON UPDATE CASCADE) in C:\laragon\www\Capstone\Backend\system\Database\MySQLi\Connection.php:306
Stack trace:
#0 C:\laragon\www\Capstone\Backend\system\Database\MySQLi\Connection.php(306): mysqli->query('INSERT INTO `or...', 0)
#1 C:\laragon\www\Capstone\Backend\system\Database\BaseConnection.php(693): CodeIgniter\Database\MySQLi\Connection->execute('INSERT INTO `or...')
#2 C:\laragon\www\Capstone\Backend\system\Database\BaseConnection.php(607): CodeIgniter\Database\BaseConnection->simpleQuery('INSERT INTO `or...')
#3 C:\laragon\www\Capstone\Backend\system\Database\BaseBuilder.php(2307): CodeIgniter\Database\BaseConnection->query('INSERT INTO `or...', Array, false)
#4 C:\laragon\www\Capstone\Backend\system\Model.php(326): CodeIgniter\Database\BaseBuilder->insert()
#5 C:\laragon\www\Capstone\Backend\system\BaseModel.php(802): CodeIgniter\Model->doInsert(Array)
#6 C:\laragon\www\Capstone\Backend\system\Model.php(744): CodeIgniter\BaseModel->insert(Array, true)
#7 C:\laragon\www\Capstone\Backend\app\Controllers\OrderController.php(113): CodeIgniter\Model->insert(Array)
#8 C:\laragon\www\Capstone\Backend\system\CodeIgniter.php(941): App\Controllers\OrderController->addItemToOrder()
#9 C:\laragon\www\Capstone\Backend\system\CodeIgniter.php(502): CodeIgniter\CodeIgniter->runController(Object(App\Controllers\OrderController))
#10 C:\laragon\www\Capstone\Backend\system\CodeIgniter.php(361): CodeIgniter\CodeIgniter->handleRequest(NULL, Object(Config\Cache), false)
#11 C:\laragon\www\Capstone\Backend\public\index.php(88): CodeIgniter\CodeIgniter->run()
#12 {main}
CRITICAL - 2024-02-19 04:01:44 --> CodeIgniter\Database\Exceptions\DatabaseException: Cannot add or update a child row: a foreign key constraint fails (`anahaw`.`order_items`, CONSTRAINT `asdasd` FOREIGN KEY (`order_id`) REFERENCES `orders` (`id`) ON DELETE CASCADE ON UPDATE CASCADE)
in SYSTEMPATH\Database\BaseConnection.php on line 647.
 1 SYSTEMPATH\Database\BaseBuilder.php(2307): CodeIgniter\Database\BaseConnection->query('INSERT INTO `order_items` (`order_id`, `menu_item`, `quantity`, `subtotal`) VALUES (:order_id:, :menu_item:, :quantity:, :subtotal:)', [...], false)
 2 SYSTEMPATH\Model.php(326): CodeIgniter\Database\BaseBuilder->insert()
 3 SYSTEMPATH\BaseModel.php(802): CodeIgniter\Model->doInsert([...])
 4 SYSTEMPATH\Model.php(744): CodeIgniter\BaseModel->insert([...], true)
 5 APPPATH\Controllers\OrderController.php(113): CodeIgniter\Model->insert([...])
 6 SYSTEMPATH\CodeIgniter.php(941): App\Controllers\OrderController->addItemToOrder()
 7 SYSTEMPATH\CodeIgniter.php(502): CodeIgniter\CodeIgniter->runController(Object(App\Controllers\OrderController))
 8 SYSTEMPATH\CodeIgniter.php(361): CodeIgniter\CodeIgniter->handleRequest(null, Object(Config\Cache), false)
 9 FCPATH\index.php(88): CodeIgniter\CodeIgniter->run()
CRITICAL - 2024-02-19 04:01:44 --> [Caused by] CodeIgniter\Database\Exceptions\DatabaseException: Cannot add or update a child row: a foreign key constraint fails (`anahaw`.`order_items`, CONSTRAINT `asdasd` FOREIGN KEY (`order_id`) REFERENCES `orders` (`id`) ON DELETE CASCADE ON UPDATE CASCADE)
in SYSTEMPATH\Database\MySQLi\Connection.php on line 311.
 1 SYSTEMPATH\Database\BaseConnection.php(693): CodeIgniter\Database\MySQLi\Connection->execute('INSERT INTO `order_items` (`order_id`, `menu_item`, `quantity`, `subtotal`) VALUES (487, \'Crispy Pata\', 1, \'500.00\')')
 2 SYSTEMPATH\Database\BaseConnection.php(607): CodeIgniter\Database\BaseConnection->simpleQuery('INSERT INTO `order_items` (`order_id`, `menu_item`, `quantity`, `subtotal`) VALUES (487, \'Crispy Pata\', 1, \'500.00\')')
 3 SYSTEMPATH\Database\BaseBuilder.php(2307): CodeIgniter\Database\BaseConnection->query('INSERT INTO `order_items` (`order_id`, `menu_item`, `quantity`, `subtotal`) VALUES (:order_id:, :menu_item:, :quantity:, :subtotal:)', [...], false)
 4 SYSTEMPATH\Model.php(326): CodeIgniter\Database\BaseBuilder->insert()
 5 SYSTEMPATH\BaseModel.php(802): CodeIgniter\Model->doInsert([...])
 6 SYSTEMPATH\Model.php(744): CodeIgniter\BaseModel->insert([...], true)
 7 APPPATH\Controllers\OrderController.php(113): CodeIgniter\Model->insert([...])
 8 SYSTEMPATH\CodeIgniter.php(941): App\Controllers\OrderController->addItemToOrder()
 9 SYSTEMPATH\CodeIgniter.php(502): CodeIgniter\CodeIgniter->runController(Object(App\Controllers\OrderController))
10 SYSTEMPATH\CodeIgniter.php(361): CodeIgniter\CodeIgniter->handleRequest(null, Object(Config\Cache), false)
11 FCPATH\index.php(88): CodeIgniter\CodeIgniter->run()
CRITICAL - 2024-02-19 04:01:44 --> [Caused by] mysqli_sql_exception: Cannot add or update a child row: a foreign key constraint fails (`anahaw`.`order_items`, CONSTRAINT `asdasd` FOREIGN KEY (`order_id`) REFERENCES `orders` (`id`) ON DELETE CASCADE ON UPDATE CASCADE)
in SYSTEMPATH\Database\MySQLi\Connection.php on line 306.
 1 SYSTEMPATH\Database\MySQLi\Connection.php(306): mysqli->query('INSERT INTO `order_items` (`order_id`, `menu_item`, `quantity`, `subtotal`) VALUES (487, \'Crispy Pata\', 1, \'500.00\')', 0)
 2 SYSTEMPATH\Database\BaseConnection.php(693): CodeIgniter\Database\MySQLi\Connection->execute('INSERT INTO `order_items` (`order_id`, `menu_item`, `quantity`, `subtotal`) VALUES (487, \'Crispy Pata\', 1, \'500.00\')')
 3 SYSTEMPATH\Database\BaseConnection.php(607): CodeIgniter\Database\BaseConnection->simpleQuery('INSERT INTO `order_items` (`order_id`, `menu_item`, `quantity`, `subtotal`) VALUES (487, \'Crispy Pata\', 1, \'500.00\')')
 4 SYSTEMPATH\Database\BaseBuilder.php(2307): CodeIgniter\Database\BaseConnection->query('INSERT INTO `order_items` (`order_id`, `menu_item`, `quantity`, `subtotal`) VALUES (:order_id:, :menu_item:, :quantity:, :subtotal:)', [...], false)
 5 SYSTEMPATH\Model.php(326): CodeIgniter\Database\BaseBuilder->insert()
 6 SYSTEMPATH\BaseModel.php(802): CodeIgniter\Model->doInsert([...])
 7 SYSTEMPATH\Model.php(744): CodeIgniter\BaseModel->insert([...], true)
 8 APPPATH\Controllers\OrderController.php(113): CodeIgniter\Model->insert([...])
 9 SYSTEMPATH\CodeIgniter.php(941): App\Controllers\OrderController->addItemToOrder()
10 SYSTEMPATH\CodeIgniter.php(502): CodeIgniter\CodeIgniter->runController(Object(App\Controllers\OrderController))
11 SYSTEMPATH\CodeIgniter.php(361): CodeIgniter\CodeIgniter->handleRequest(null, Object(Config\Cache), false)
12 FCPATH\index.php(88): CodeIgniter\CodeIgniter->run()
ERROR - 2024-02-19 04:03:51 --> mysqli_sql_exception: Cannot add or update a child row: a foreign key constraint fails (`anahaw`.`order_items`, CONSTRAINT `asdasd` FOREIGN KEY (`order_id`) REFERENCES `orders` (`id`) ON DELETE CASCADE ON UPDATE CASCADE) in C:\laragon\www\Capstone\Backend\system\Database\MySQLi\Connection.php:306
Stack trace:
#0 C:\laragon\www\Capstone\Backend\system\Database\MySQLi\Connection.php(306): mysqli->query('INSERT INTO `or...', 0)
#1 C:\laragon\www\Capstone\Backend\system\Database\BaseConnection.php(693): CodeIgniter\Database\MySQLi\Connection->execute('INSERT INTO `or...')
#2 C:\laragon\www\Capstone\Backend\system\Database\BaseConnection.php(607): CodeIgniter\Database\BaseConnection->simpleQuery('INSERT INTO `or...')
#3 C:\laragon\www\Capstone\Backend\system\Database\BaseBuilder.php(2307): CodeIgniter\Database\BaseConnection->query('INSERT INTO `or...', Array, false)
#4 C:\laragon\www\Capstone\Backend\system\Model.php(326): CodeIgniter\Database\BaseBuilder->insert()
#5 C:\laragon\www\Capstone\Backend\system\BaseModel.php(802): CodeIgniter\Model->doInsert(Array)
#6 C:\laragon\www\Capstone\Backend\system\Model.php(744): CodeIgniter\BaseModel->insert(Array, true)
#7 C:\laragon\www\Capstone\Backend\app\Controllers\OrderController.php(113): CodeIgniter\Model->insert(Array)
#8 C:\laragon\www\Capstone\Backend\system\CodeIgniter.php(941): App\Controllers\OrderController->addItemToOrder()
#9 C:\laragon\www\Capstone\Backend\system\CodeIgniter.php(502): CodeIgniter\CodeIgniter->runController(Object(App\Controllers\OrderController))
#10 C:\laragon\www\Capstone\Backend\system\CodeIgniter.php(361): CodeIgniter\CodeIgniter->handleRequest(NULL, Object(Config\Cache), false)
#11 C:\laragon\www\Capstone\Backend\public\index.php(88): CodeIgniter\CodeIgniter->run()
#12 {main}
CRITICAL - 2024-02-19 04:03:51 --> CodeIgniter\Database\Exceptions\DatabaseException: Cannot add or update a child row: a foreign key constraint fails (`anahaw`.`order_items`, CONSTRAINT `asdasd` FOREIGN KEY (`order_id`) REFERENCES `orders` (`id`) ON DELETE CASCADE ON UPDATE CASCADE)
in SYSTEMPATH\Database\BaseConnection.php on line 647.
 1 SYSTEMPATH\Database\BaseBuilder.php(2307): CodeIgniter\Database\BaseConnection->query('INSERT INTO `order_items` (`order_id`, `menu_item`, `quantity`, `subtotal`) VALUES (:order_id:, :menu_item:, :quantity:, :subtotal:)', [...], false)
 2 SYSTEMPATH\Model.php(326): CodeIgniter\Database\BaseBuilder->insert()
 3 SYSTEMPATH\BaseModel.php(802): CodeIgniter\Model->doInsert([...])
 4 SYSTEMPATH\Model.php(744): CodeIgniter\BaseModel->insert([...], true)
 5 APPPATH\Controllers\OrderController.php(113): CodeIgniter\Model->insert([...])
 6 SYSTEMPATH\CodeIgniter.php(941): App\Controllers\OrderController->addItemToOrder()
 7 SYSTEMPATH\CodeIgniter.php(502): CodeIgniter\CodeIgniter->runController(Object(App\Controllers\OrderController))
 8 SYSTEMPATH\CodeIgniter.php(361): CodeIgniter\CodeIgniter->handleRequest(null, Object(Config\Cache), false)
 9 FCPATH\index.php(88): CodeIgniter\CodeIgniter->run()
CRITICAL - 2024-02-19 04:03:51 --> [Caused by] CodeIgniter\Database\Exceptions\DatabaseException: Cannot add or update a child row: a foreign key constraint fails (`anahaw`.`order_items`, CONSTRAINT `asdasd` FOREIGN KEY (`order_id`) REFERENCES `orders` (`id`) ON DELETE CASCADE ON UPDATE CASCADE)
in SYSTEMPATH\Database\MySQLi\Connection.php on line 311.
 1 SYSTEMPATH\Database\BaseConnection.php(693): CodeIgniter\Database\MySQLi\Connection->execute('INSERT INTO `order_items` (`order_id`, `menu_item`, `quantity`, `subtotal`) VALUES (493, \'Pale Pilsen\', 1, \'65.00\')')
 2 SYSTEMPATH\Database\BaseConnection.php(607): CodeIgniter\Database\BaseConnection->simpleQuery('INSERT INTO `order_items` (`order_id`, `menu_item`, `quantity`, `subtotal`) VALUES (493, \'Pale Pilsen\', 1, \'65.00\')')
 3 SYSTEMPATH\Database\BaseBuilder.php(2307): CodeIgniter\Database\BaseConnection->query('INSERT INTO `order_items` (`order_id`, `menu_item`, `quantity`, `subtotal`) VALUES (:order_id:, :menu_item:, :quantity:, :subtotal:)', [...], false)
 4 SYSTEMPATH\Model.php(326): CodeIgniter\Database\BaseBuilder->insert()
 5 SYSTEMPATH\BaseModel.php(802): CodeIgniter\Model->doInsert([...])
 6 SYSTEMPATH\Model.php(744): CodeIgniter\BaseModel->insert([...], true)
 7 APPPATH\Controllers\OrderController.php(113): CodeIgniter\Model->insert([...])
 8 SYSTEMPATH\CodeIgniter.php(941): App\Controllers\OrderController->addItemToOrder()
 9 SYSTEMPATH\CodeIgniter.php(502): CodeIgniter\CodeIgniter->runController(Object(App\Controllers\OrderController))
10 SYSTEMPATH\CodeIgniter.php(361): CodeIgniter\CodeIgniter->handleRequest(null, Object(Config\Cache), false)
11 FCPATH\index.php(88): CodeIgniter\CodeIgniter->run()
CRITICAL - 2024-02-19 04:03:51 --> [Caused by] mysqli_sql_exception: Cannot add or update a child row: a foreign key constraint fails (`anahaw`.`order_items`, CONSTRAINT `asdasd` FOREIGN KEY (`order_id`) REFERENCES `orders` (`id`) ON DELETE CASCADE ON UPDATE CASCADE)
in SYSTEMPATH\Database\MySQLi\Connection.php on line 306.
 1 SYSTEMPATH\Database\MySQLi\Connection.php(306): mysqli->query('INSERT INTO `order_items` (`order_id`, `menu_item`, `quantity`, `subtotal`) VALUES (493, \'Pale Pilsen\', 1, \'65.00\')', 0)
 2 SYSTEMPATH\Database\BaseConnection.php(693): CodeIgniter\Database\MySQLi\Connection->execute('INSERT INTO `order_items` (`order_id`, `menu_item`, `quantity`, `subtotal`) VALUES (493, \'Pale Pilsen\', 1, \'65.00\')')
 3 SYSTEMPATH\Database\BaseConnection.php(607): CodeIgniter\Database\BaseConnection->simpleQuery('INSERT INTO `order_items` (`order_id`, `menu_item`, `quantity`, `subtotal`) VALUES (493, \'Pale Pilsen\', 1, \'65.00\')')
 4 SYSTEMPATH\Database\BaseBuilder.php(2307): CodeIgniter\Database\BaseConnection->query('INSERT INTO `order_items` (`order_id`, `menu_item`, `quantity`, `subtotal`) VALUES (:order_id:, :menu_item:, :quantity:, :subtotal:)', [...], false)
 5 SYSTEMPATH\Model.php(326): CodeIgniter\Database\BaseBuilder->insert()
 6 SYSTEMPATH\BaseModel.php(802): CodeIgniter\Model->doInsert([...])
 7 SYSTEMPATH\Model.php(744): CodeIgniter\BaseModel->insert([...], true)
 8 APPPATH\Controllers\OrderController.php(113): CodeIgniter\Model->insert([...])
 9 SYSTEMPATH\CodeIgniter.php(941): App\Controllers\OrderController->addItemToOrder()
10 SYSTEMPATH\CodeIgniter.php(502): CodeIgniter\CodeIgniter->runController(Object(App\Controllers\OrderController))
11 SYSTEMPATH\CodeIgniter.php(361): CodeIgniter\CodeIgniter->handleRequest(null, Object(Config\Cache), false)
12 FCPATH\index.php(88): CodeIgniter\CodeIgniter->run()
ERROR - 2024-02-19 04:05:11 --> mysqli_sql_exception: Cannot add or update a child row: a foreign key constraint fails (`anahaw`.`order_items`, CONSTRAINT `asdasd` FOREIGN KEY (`order_id`) REFERENCES `orders` (`id`) ON DELETE CASCADE ON UPDATE CASCADE) in C:\laragon\www\Capstone\Backend\system\Database\MySQLi\Connection.php:306
Stack trace:
#0 C:\laragon\www\Capstone\Backend\system\Database\MySQLi\Connection.php(306): mysqli->query('INSERT INTO `or...', 0)
#1 C:\laragon\www\Capstone\Backend\system\Database\BaseConnection.php(693): CodeIgniter\Database\MySQLi\Connection->execute('INSERT INTO `or...')
#2 C:\laragon\www\Capstone\Backend\system\Database\BaseConnection.php(607): CodeIgniter\Database\BaseConnection->simpleQuery('INSERT INTO `or...')
#3 C:\laragon\www\Capstone\Backend\system\Database\BaseBuilder.php(2307): CodeIgniter\Database\BaseConnection->query('INSERT INTO `or...', Array, false)
#4 C:\laragon\www\Capstone\Backend\system\Model.php(326): CodeIgniter\Database\BaseBuilder->insert()
#5 C:\laragon\www\Capstone\Backend\system\BaseModel.php(802): CodeIgniter\Model->doInsert(Array)
#6 C:\laragon\www\Capstone\Backend\system\Model.php(744): CodeIgniter\BaseModel->insert(Array, true)
#7 C:\laragon\www\Capstone\Backend\app\Controllers\OrderController.php(113): CodeIgniter\Model->insert(Array)
#8 C:\laragon\www\Capstone\Backend\system\CodeIgniter.php(941): App\Controllers\OrderController->addItemToOrder()
#9 C:\laragon\www\Capstone\Backend\system\CodeIgniter.php(502): CodeIgniter\CodeIgniter->runController(Object(App\Controllers\OrderController))
#10 C:\laragon\www\Capstone\Backend\system\CodeIgniter.php(361): CodeIgniter\CodeIgniter->handleRequest(NULL, Object(Config\Cache), false)
#11 C:\laragon\www\Capstone\Backend\public\index.php(88): CodeIgniter\CodeIgniter->run()
#12 {main}
CRITICAL - 2024-02-19 04:05:11 --> CodeIgniter\Database\Exceptions\DatabaseException: Cannot add or update a child row: a foreign key constraint fails (`anahaw`.`order_items`, CONSTRAINT `asdasd` FOREIGN KEY (`order_id`) REFERENCES `orders` (`id`) ON DELETE CASCADE ON UPDATE CASCADE)
in SYSTEMPATH\Database\BaseConnection.php on line 647.
 1 SYSTEMPATH\Database\BaseBuilder.php(2307): CodeIgniter\Database\BaseConnection->query('INSERT INTO `order_items` (`order_id`, `menu_item`, `quantity`, `subtotal`) VALUES (:order_id:, :menu_item:, :quantity:, :subtotal:)', [...], false)
 2 SYSTEMPATH\Model.php(326): CodeIgniter\Database\BaseBuilder->insert()
 3 SYSTEMPATH\BaseModel.php(802): CodeIgniter\Model->doInsert([...])
 4 SYSTEMPATH\Model.php(744): CodeIgniter\BaseModel->insert([...], true)
 5 APPPATH\Controllers\OrderController.php(113): CodeIgniter\Model->insert([...])
 6 SYSTEMPATH\CodeIgniter.php(941): App\Controllers\OrderController->addItemToOrder()
 7 SYSTEMPATH\CodeIgniter.php(502): CodeIgniter\CodeIgniter->runController(Object(App\Controllers\OrderController))
 8 SYSTEMPATH\CodeIgniter.php(361): CodeIgniter\CodeIgniter->handleRequest(null, Object(Config\Cache), false)
 9 FCPATH\index.php(88): CodeIgniter\CodeIgniter->run()
CRITICAL - 2024-02-19 04:05:11 --> [Caused by] CodeIgniter\Database\Exceptions\DatabaseException: Cannot add or update a child row: a foreign key constraint fails (`anahaw`.`order_items`, CONSTRAINT `asdasd` FOREIGN KEY (`order_id`) REFERENCES `orders` (`id`) ON DELETE CASCADE ON UPDATE CASCADE)
in SYSTEMPATH\Database\MySQLi\Connection.php on line 311.
 1 SYSTEMPATH\Database\BaseConnection.php(693): CodeIgniter\Database\MySQLi\Connection->execute('INSERT INTO `order_items` (`order_id`, `menu_item`, `quantity`, `subtotal`) VALUES (499, \'Pale Pilsen\', 1, \'65.00\')')
 2 SYSTEMPATH\Database\BaseConnection.php(607): CodeIgniter\Database\BaseConnection->simpleQuery('INSERT INTO `order_items` (`order_id`, `menu_item`, `quantity`, `subtotal`) VALUES (499, \'Pale Pilsen\', 1, \'65.00\')')
 3 SYSTEMPATH\Database\BaseBuilder.php(2307): CodeIgniter\Database\BaseConnection->query('INSERT INTO `order_items` (`order_id`, `menu_item`, `quantity`, `subtotal`) VALUES (:order_id:, :menu_item:, :quantity:, :subtotal:)', [...], false)
 4 SYSTEMPATH\Model.php(326): CodeIgniter\Database\BaseBuilder->insert()
 5 SYSTEMPATH\BaseModel.php(802): CodeIgniter\Model->doInsert([...])
 6 SYSTEMPATH\Model.php(744): CodeIgniter\BaseModel->insert([...], true)
 7 APPPATH\Controllers\OrderController.php(113): CodeIgniter\Model->insert([...])
 8 SYSTEMPATH\CodeIgniter.php(941): App\Controllers\OrderController->addItemToOrder()
 9 SYSTEMPATH\CodeIgniter.php(502): CodeIgniter\CodeIgniter->runController(Object(App\Controllers\OrderController))
10 SYSTEMPATH\CodeIgniter.php(361): CodeIgniter\CodeIgniter->handleRequest(null, Object(Config\Cache), false)
11 FCPATH\index.php(88): CodeIgniter\CodeIgniter->run()
CRITICAL - 2024-02-19 04:05:11 --> [Caused by] mysqli_sql_exception: Cannot add or update a child row: a foreign key constraint fails (`anahaw`.`order_items`, CONSTRAINT `asdasd` FOREIGN KEY (`order_id`) REFERENCES `orders` (`id`) ON DELETE CASCADE ON UPDATE CASCADE)
in SYSTEMPATH\Database\MySQLi\Connection.php on line 306.
 1 SYSTEMPATH\Database\MySQLi\Connection.php(306): mysqli->query('INSERT INTO `order_items` (`order_id`, `menu_item`, `quantity`, `subtotal`) VALUES (499, \'Pale Pilsen\', 1, \'65.00\')', 0)
 2 SYSTEMPATH\Database\BaseConnection.php(693): CodeIgniter\Database\MySQLi\Connection->execute('INSERT INTO `order_items` (`order_id`, `menu_item`, `quantity`, `subtotal`) VALUES (499, \'Pale Pilsen\', 1, \'65.00\')')
 3 SYSTEMPATH\Database\BaseConnection.php(607): CodeIgniter\Database\BaseConnection->simpleQuery('INSERT INTO `order_items` (`order_id`, `menu_item`, `quantity`, `subtotal`) VALUES (499, \'Pale Pilsen\', 1, \'65.00\')')
 4 SYSTEMPATH\Database\BaseBuilder.php(2307): CodeIgniter\Database\BaseConnection->query('INSERT INTO `order_items` (`order_id`, `menu_item`, `quantity`, `subtotal`) VALUES (:order_id:, :menu_item:, :quantity:, :subtotal:)', [...], false)
 5 SYSTEMPATH\Model.php(326): CodeIgniter\Database\BaseBuilder->insert()
 6 SYSTEMPATH\BaseModel.php(802): CodeIgniter\Model->doInsert([...])
 7 SYSTEMPATH\Model.php(744): CodeIgniter\BaseModel->insert([...], true)
 8 APPPATH\Controllers\OrderController.php(113): CodeIgniter\Model->insert([...])
 9 SYSTEMPATH\CodeIgniter.php(941): App\Controllers\OrderController->addItemToOrder()
10 SYSTEMPATH\CodeIgniter.php(502): CodeIgniter\CodeIgniter->runController(Object(App\Controllers\OrderController))
11 SYSTEMPATH\CodeIgniter.php(361): CodeIgniter\CodeIgniter->handleRequest(null, Object(Config\Cache), false)
12 FCPATH\index.php(88): CodeIgniter\CodeIgniter->run()
ERROR - 2024-02-19 04:05:14 --> mysqli_sql_exception: Cannot add or update a child row: a foreign key constraint fails (`anahaw`.`order_items`, CONSTRAINT `asdasd` FOREIGN KEY (`order_id`) REFERENCES `orders` (`id`) ON DELETE CASCADE ON UPDATE CASCADE) in C:\laragon\www\Capstone\Backend\system\Database\MySQLi\Connection.php:306
Stack trace:
#0 C:\laragon\www\Capstone\Backend\system\Database\MySQLi\Connection.php(306): mysqli->query('INSERT INTO `or...', 0)
#1 C:\laragon\www\Capstone\Backend\system\Database\BaseConnection.php(693): CodeIgniter\Database\MySQLi\Connection->execute('INSERT INTO `or...')
#2 C:\laragon\www\Capstone\Backend\system\Database\BaseConnection.php(607): CodeIgniter\Database\BaseConnection->simpleQuery('INSERT INTO `or...')
#3 C:\laragon\www\Capstone\Backend\system\Database\BaseBuilder.php(2307): CodeIgniter\Database\BaseConnection->query('INSERT INTO `or...', Array, false)
#4 C:\laragon\www\Capstone\Backend\system\Model.php(326): CodeIgniter\Database\BaseBuilder->insert()
#5 C:\laragon\www\Capstone\Backend\system\BaseModel.php(802): CodeIgniter\Model->doInsert(Array)
#6 C:\laragon\www\Capstone\Backend\system\Model.php(744): CodeIgniter\BaseModel->insert(Array, true)
#7 C:\laragon\www\Capstone\Backend\app\Controllers\OrderController.php(113): CodeIgniter\Model->insert(Array)
#8 C:\laragon\www\Capstone\Backend\system\CodeIgniter.php(941): App\Controllers\OrderController->addItemToOrder()
#9 C:\laragon\www\Capstone\Backend\system\CodeIgniter.php(502): CodeIgniter\CodeIgniter->runController(Object(App\Controllers\OrderController))
#10 C:\laragon\www\Capstone\Backend\system\CodeIgniter.php(361): CodeIgniter\CodeIgniter->handleRequest(NULL, Object(Config\Cache), false)
#11 C:\laragon\www\Capstone\Backend\public\index.php(88): CodeIgniter\CodeIgniter->run()
#12 {main}
CRITICAL - 2024-02-19 04:05:14 --> CodeIgniter\Database\Exceptions\DatabaseException: Cannot add or update a child row: a foreign key constraint fails (`anahaw`.`order_items`, CONSTRAINT `asdasd` FOREIGN KEY (`order_id`) REFERENCES `orders` (`id`) ON DELETE CASCADE ON UPDATE CASCADE)
in SYSTEMPATH\Database\BaseConnection.php on line 647.
 1 SYSTEMPATH\Database\BaseBuilder.php(2307): CodeIgniter\Database\BaseConnection->query('INSERT INTO `order_items` (`order_id`, `menu_item`, `quantity`, `subtotal`) VALUES (:order_id:, :menu_item:, :quantity:, :subtotal:)', [...], false)
 2 SYSTEMPATH\Model.php(326): CodeIgniter\Database\BaseBuilder->insert()
 3 SYSTEMPATH\BaseModel.php(802): CodeIgniter\Model->doInsert([...])
 4 SYSTEMPATH\Model.php(744): CodeIgniter\BaseModel->insert([...], true)
 5 APPPATH\Controllers\OrderController.php(113): CodeIgniter\Model->insert([...])
 6 SYSTEMPATH\CodeIgniter.php(941): App\Controllers\OrderController->addItemToOrder()
 7 SYSTEMPATH\CodeIgniter.php(502): CodeIgniter\CodeIgniter->runController(Object(App\Controllers\OrderController))
 8 SYSTEMPATH\CodeIgniter.php(361): CodeIgniter\CodeIgniter->handleRequest(null, Object(Config\Cache), false)
 9 FCPATH\index.php(88): CodeIgniter\CodeIgniter->run()
CRITICAL - 2024-02-19 04:05:14 --> [Caused by] CodeIgniter\Database\Exceptions\DatabaseException: Cannot add or update a child row: a foreign key constraint fails (`anahaw`.`order_items`, CONSTRAINT `asdasd` FOREIGN KEY (`order_id`) REFERENCES `orders` (`id`) ON DELETE CASCADE ON UPDATE CASCADE)
in SYSTEMPATH\Database\MySQLi\Connection.php on line 311.
 1 SYSTEMPATH\Database\BaseConnection.php(693): CodeIgniter\Database\MySQLi\Connection->execute('INSERT INTO `order_items` (`order_id`, `menu_item`, `quantity`, `subtotal`) VALUES (499, \'Pale Pilsen\', 1, \'65.00\')')
 2 SYSTEMPATH\Database\BaseConnection.php(607): CodeIgniter\Database\BaseConnection->simpleQuery('INSERT INTO `order_items` (`order_id`, `menu_item`, `quantity`, `subtotal`) VALUES (499, \'Pale Pilsen\', 1, \'65.00\')')
 3 SYSTEMPATH\Database\BaseBuilder.php(2307): CodeIgniter\Database\BaseConnection->query('INSERT INTO `order_items` (`order_id`, `menu_item`, `quantity`, `subtotal`) VALUES (:order_id:, :menu_item:, :quantity:, :subtotal:)', [...], false)
 4 SYSTEMPATH\Model.php(326): CodeIgniter\Database\BaseBuilder->insert()
 5 SYSTEMPATH\BaseModel.php(802): CodeIgniter\Model->doInsert([...])
 6 SYSTEMPATH\Model.php(744): CodeIgniter\BaseModel->insert([...], true)
 7 APPPATH\Controllers\OrderController.php(113): CodeIgniter\Model->insert([...])
 8 SYSTEMPATH\CodeIgniter.php(941): App\Controllers\OrderController->addItemToOrder()
 9 SYSTEMPATH\CodeIgniter.php(502): CodeIgniter\CodeIgniter->runController(Object(App\Controllers\OrderController))
10 SYSTEMPATH\CodeIgniter.php(361): CodeIgniter\CodeIgniter->handleRequest(null, Object(Config\Cache), false)
11 FCPATH\index.php(88): CodeIgniter\CodeIgniter->run()
CRITICAL - 2024-02-19 04:05:14 --> [Caused by] mysqli_sql_exception: Cannot add or update a child row: a foreign key constraint fails (`anahaw`.`order_items`, CONSTRAINT `asdasd` FOREIGN KEY (`order_id`) REFERENCES `orders` (`id`) ON DELETE CASCADE ON UPDATE CASCADE)
in SYSTEMPATH\Database\MySQLi\Connection.php on line 306.
 1 SYSTEMPATH\Database\MySQLi\Connection.php(306): mysqli->query('INSERT INTO `order_items` (`order_id`, `menu_item`, `quantity`, `subtotal`) VALUES (499, \'Pale Pilsen\', 1, \'65.00\')', 0)
 2 SYSTEMPATH\Database\BaseConnection.php(693): CodeIgniter\Database\MySQLi\Connection->execute('INSERT INTO `order_items` (`order_id`, `menu_item`, `quantity`, `subtotal`) VALUES (499, \'Pale Pilsen\', 1, \'65.00\')')
 3 SYSTEMPATH\Database\BaseConnection.php(607): CodeIgniter\Database\BaseConnection->simpleQuery('INSERT INTO `order_items` (`order_id`, `menu_item`, `quantity`, `subtotal`) VALUES (499, \'Pale Pilsen\', 1, \'65.00\')')
 4 SYSTEMPATH\Database\BaseBuilder.php(2307): CodeIgniter\Database\BaseConnection->query('INSERT INTO `order_items` (`order_id`, `menu_item`, `quantity`, `subtotal`) VALUES (:order_id:, :menu_item:, :quantity:, :subtotal:)', [...], false)
 5 SYSTEMPATH\Model.php(326): CodeIgniter\Database\BaseBuilder->insert()
 6 SYSTEMPATH\BaseModel.php(802): CodeIgniter\Model->doInsert([...])
 7 SYSTEMPATH\Model.php(744): CodeIgniter\BaseModel->insert([...], true)
 8 APPPATH\Controllers\OrderController.php(113): CodeIgniter\Model->insert([...])
 9 SYSTEMPATH\CodeIgniter.php(941): App\Controllers\OrderController->addItemToOrder()
10 SYSTEMPATH\CodeIgniter.php(502): CodeIgniter\CodeIgniter->runController(Object(App\Controllers\OrderController))
11 SYSTEMPATH\CodeIgniter.php(361): CodeIgniter\CodeIgniter->handleRequest(null, Object(Config\Cache), false)
12 FCPATH\index.php(88): CodeIgniter\CodeIgniter->run()
